[0mGET /users/sign-out [36m302[0m 14.825 ms - 46[0m
[0mGET / [32m200[0m 60.989 ms - 29297[0m
[0mGET /users/sign-in [36m304[0m 9.498 ms - -[0m
[0mGET /users/forgotpassword [32m200[0m 9.357 ms - 2769[0m
[0mPOST /forgot [33m404[0m 2.340 ms - 146[0m
[0mPOST /forgot [33m404[0m 10.749 ms - 146[0m
[0mGET / [32m200[0m 135.629 ms - 28999[0m
[0mGET /users/sign-in [36m304[0m 14.101 ms - -[0m
[0mPOST /users/create-session [36m302[0m 17.900 ms - 46[0m
[0mGET / [32m200[0m 163.303 ms - 49925[0m
[0mPOST /comments/create [32m200[0m 57.834 ms - 326[0m
[0mPOST /likes/toggle/?id=5ebd997e90e6ab3434e46d76&type=Comment [32m200[0m 43.177 ms - 58[0m
[0mPOST /likes/toggle/?id=5ebd997e90e6ab3434e46d76&type=Comment [32m200[0m 12.703 ms - 57[0m
[0mPOST /likes/toggle/?id=5ebd997e90e6ab3434e46d76&type=Comment [32m200[0m 27.660 ms - 58[0m
[0mGET / [0m-[0m - ms - -[0m
[0mGET / [0m-[0m - ms - -[0m
[0mGET / [32m200[0m 673.861 ms - 29548[0m
[0mGET /favicon.ico [33m404[0m 4.275 ms - 150[0m
[0mGET / [32m200[0m 1173.662 ms - 29548[0m
[0mGET /favicon.ico [33m404[0m 9.060 ms - 150[0m
[0mGET /users/sign-in [36m304[0m 8.909 ms - -[0m
[0mGET /users/forgotpassword [36m304[0m 8.621 ms - -[0m
[0mGET /users/sign-in [36m304[0m 4.016 ms - -[0m
[0mGET /users/sign-in [36m304[0m 3.876 ms - -[0m
[0mPOST /users/create-session [36m302[0m 92.463 ms - 72[0m
[0mPOST /users/create-session [36m302[0m 3.393 ms - 72[0m
[0mGET /users/sign-in [32m200[0m 3.365 ms - 3238[0m
[0mPOST /users/create-session [36m302[0m 4.974 ms - 46[0m
[0mGET / [32m200[0m 46.710 ms - 48222[0m
[0mPOST /posts/create [32m200[0m 150.221 ms - 301[0m
[0mPOST /posts/create [32m200[0m 11.269 ms - 303[0m
[0mGET / [32m200[0m 186.145 ms - 51168[0m
[0mPOST /posts/create [32m200[0m 34.990 ms - 239[0m
[0mGET / [32m200[0m 83.208 ms - 52790[0m
[0mGET / [36m304[0m 154.683 ms - -[0m
[0mPOST /posts/create [32m200[0m 18.306 ms - 240[0m
[0mGET / [32m200[0m 257.104 ms - 54413[0m
[0mPOST /posts/create [32m200[0m 21.115 ms - 303[0m
[0mPOST /comments/create [32m200[0m 14.853 ms - 325[0m
[0mPOST /posts/create [32m200[0m 73.372 ms - 307[0m
[0mGET / [32m200[0m 108.728 ms - 58379[0m
[0mPOST /posts/create [32m200[0m 22.151 ms - 301[0m
[0mGET / [32m200[0m 109.385 ms - 60001[0m
[0mGET / [36m304[0m 56.722 ms - -[0m
[0mPOST /posts/create [32m200[0m 13.950 ms - 302[0m
[0mPOST /comments/create [32m200[0m 12.960 ms - 324[0m
[0mGET / [32m200[0m 107.844 ms - 62337[0m
[0mPOST /comments/create [32m200[0m 19.352 ms - 323[0m
[0mGET / [32m200[0m 235.231 ms - 63049[0m
[0mPOST /comments/create [32m200[0m 21.450 ms - 324[0m
[0mGET /users/sign-out [36m302[0m 18.685 ms - 46[0m
[0mGET / [32m200[0m 124.801 ms - 38294[0m
[0mGET /users/sign-in [32m200[0m 8.525 ms - 2937[0m
[0mGET /users/auth/google [36m302[0m 6.777 ms - 0[0m
[0mGET /users/auth/google [36m302[0m 12.206 ms - 0[0m
[0mGET /users/sign-in [36m304[0m 15.827 ms - -[0m
[0mGET / [32m200[0m 195.913 ms - 37996[0m
[0mGET / [36m304[0m 143.774 ms - -[0m
[0mGET /users/sign-in [36m304[0m 22.578 ms - -[0m
[0mGET /users/auth/google [36m302[0m 7.665 ms - 0[0m
[0mGET /users/auth/google [36m302[0m 16.721 ms - 0[0m
[0mGET /users/auth/google/callback?code=4%2FzwF4F0zfEvgObbn1cl2DiLu9DaUJMpbqKDRWe1hHBW7PYyEjSYFS1Tw7a95zrF9tEhjWb7y1tpqBfujtHrTAqz0&scope=email+profile+https%3A%2F%2Fwww.googleapis.com%2Fauth%2Fuserinfo.profile+https%3A%2F%2Fwww.googleapis.com%2Fauth%2Fuserinfo.email+openid&authuser=0&prompt=consent [36m302[0m 821.133 ms - 46[0m
[0mGET / [32m200[0m 175.867 ms - 65342[0m
[0mGET / [32m200[0m 208.889 ms - 65042[0m
[0mGET / [36m304[0m 97.062 ms - -[0m
[0mGET /users/sign-out [36m302[0m 11.224 ms - 46[0m
[0mGET / [32m200[0m 121.078 ms - 38294[0m
[0mGET /users/sign-in [36m304[0m 10.736 ms - -[0m
[0mGET /users/auth/google [36m302[0m 18.529 ms - 0[0m
[0mGET / [32m200[0m 106.758 ms - 37996[0m
[0mGET /users/sign-in [36m304[0m 11.018 ms - -[0m
[0mPOST /users/create-session [36m302[0m 21.636 ms - 46[0m
[0mGET / [32m200[0m 146.501 ms - 64062[0m
[0mPOST /comments/create [32m200[0m 19.046 ms - 326[0m
[0mGET / [32m200[0m 239.223 ms - 64477[0m
[0mPOST /comments/create [32m200[0m 19.261 ms - 322[0m
[0mPOST /comments/create [32m200[0m 37.805 ms - 323[0m
[0mPOST /comments/create [32m200[0m 45.711 ms - 323[0m
[0mGET /comments/destroy/5ebffe647f26f73f34fa0f9d [32m200[0m 70.827 ms - 75[0m
[0mGET /comments/destroy/5ebffe49efb98e3058db1775 [32m200[0m 9.937 ms - 75[0m
[0mPOST /comments/create [32m200[0m 24.172 ms - 323[0m
[0mGET /users/sign-out [36m302[0m 9.377 ms - 46[0m
[0mGET / [32m200[0m 90.402 ms - 39941[0m
[0mGET /users/sign-in [36m304[0m 13.446 ms - -[0m
[0mPOST /users/create-session [36m302[0m 5.437 ms - 46[0m
[0mGET / [32m200[0m 81.153 ms - 67481[0m
[0mPOST /comments/create [32m200[0m 10.496 ms - 327[0m
[0mPOST /posts/create [32m200[0m 7.126 ms - 305[0m
[0mGET / [32m200[0m 72.751 ms - 40974[0m
[0mGET / [32m200[0m 183.655 ms - 40974[0m
[0mGET /users/sign-in [32m200[0m 369.978 ms - 2938[0m
[0mGET /users/forgot-password [32m200[0m 12.242 ms - 2778[0m
[0mPOST /forgot-password [33m404[0m 3.291 ms - 155[0m
[0mPOST /forgot-password [33m404[0m 2.398 ms - 155[0m
[0mGET /users/forgot-password [36m304[0m 8.140 ms - -[0m
[0mPOST /forgot-password [33m404[0m 4.303 ms - 155[0m
[0mPOST /forgot-password [33m404[0m 1.676 ms - 155[0m
[0mPOST /forgot-password [33m404[0m 17.042 ms - 155[0m
[0mGET /users/forgot-password [31m500[0m 24.408 ms - 2787[0m
[0mGET /users/forgot-password [31m500[0m 8.855 ms - 2787[0m
[0mGET / [36m304[0m 205.543 ms - -[0m
[0mGET /users/sign-in [36m304[0m 24.281 ms - -[0m
[0mGET /users/forgot-password [31m500[0m 22.304 ms - 2787[0m
[0mGET /users/forgot-password [32m200[0m 22.569 ms - 2794[0m
[0mPOST /forgot-password [33m404[0m 5.093 ms - 155[0m
[0mGET /users/forgot-password [36m304[0m 41.426 ms - -[0m
[0mGET /users/forgot-password [36m304[0m 25.049 ms - -[0m
[0mGET / [36m304[0m 252.460 ms - -[0m
[0mGET /users/sign-in [36m304[0m 7.451 ms - -[0m
[0mGET /users/forgot-password [36m304[0m 6.998 ms - -[0m
[0mPOST /forgot-password [33m404[0m 5.246 ms - 155[0m
[0mGET / [36m304[0m 106.548 ms - -[0m
[0mGET /users/sign-in [36m304[0m 14.760 ms - -[0m
[0mGET /users/forgot-password [32m200[0m 5.755 ms - 2793[0m
[0mPOST /reset-password [33m404[0m 2.305 ms - 154[0m
[0mGET / [36m304[0m 71.730 ms - -[0m
[0mGET /users/forgot-password [31m500[0m 15.297 ms - 2676[0m
[0mGET /users/forgot-password [32m200[0m 37.671 ms - 3958[0m
[0mGET /users/forgot-password [31m500[0m 12.878 ms - 2294[0m
[0mGET /users/forgot-password [32m200[0m 16.133 ms - 3958[0m
[0mGET /users/forgot-password [32m200[0m 8.737 ms - 3998[0m
[0mGET /users/forgot-password [36m304[0m 19.492 ms - -[0m
[0mGET /users/forgot-password [36m304[0m 5.715 ms - -[0m
[0mGET /users/forgot-password [32m200[0m 7.281 ms - 4016[0m
[0mGET / [36m304[0m 88.443 ms - -[0m
[0mGET /users/sign-in [36m304[0m 20.164 ms - -[0m
[0mGET /users/forgot-password [36m304[0m 8.709 ms - -[0m
[0mGET /users/forgot-password [36m304[0m 19.519 ms - -[0m
[0mGET /users/forgot-password [36m304[0m 18.671 ms - -[0m
[0mGET /users/forgot-password [36m304[0m 14.565 ms - -[0m
[0mGET /users/forgot-password [36m304[0m 4.990 ms - -[0m
[0mGET / [36m304[0m 258.995 ms - -[0m
[0mGET /users/sign-in [36m304[0m 12.054 ms - -[0m
[0mGET /users/forgot-password [36m304[0m 14.833 ms - -[0m
[0mGET /users/forgot-password [36m304[0m 14.440 ms - -[0m
[0mGET /users/forgot-password [36m304[0m 11.159 ms - -[0m
[0mGET /users/forgot-password [36m304[0m 8.383 ms - -[0m
[0mGET / [32m200[0m 95.176 ms - 40983[0m
[0mGET /users/sign-in [32m200[0m 13.506 ms - 2947[0m
[0mGET /users/forgot-password [33m404[0m 5.257 ms - 160[0m
[0mGET /users/forgot-password [33m404[0m 3.413 ms - 160[0m
[0mGET / [36m304[0m 179.583 ms - -[0m
[0mGET / [36m304[0m 97.801 ms - -[0m
[0mGET /users/sign-in [36m304[0m 19.917 ms - -[0m
[0mGET /users/forgot-password [33m404[0m 4.812 ms - 160[0m
[0mGET / [36m304[0m 139.641 ms - -[0m
[0mGET /users/sign-in [36m304[0m 8.122 ms - -[0m
[0mGET /users/forgot-password [33m404[0m 9.146 ms - 160[0m
[0mGET /forgot [33m404[0m 2.928 ms - 145[0m
[0mGET /forgot-password [33m404[0m 2.981 ms - 154[0m
[0mGET /forgot-password [33m404[0m 3.613 ms - 154[0m
[0mGET /forgot-password [33m404[0m 4.232 ms - 154[0m
[0mGET /forgot-password [33m404[0m 6.899 ms - 154[0m
[0mGET /forgot-password [33m404[0m 2.414 ms - 154[0m
[0mGET /forgot-password [33m404[0m 4.034 ms - 154[0m
[0mGET /forgot-password [33m404[0m 5.535 ms - 154[0m
[0mGET /forgot-password [33m404[0m 4.446 ms - 154[0m
[0mGET /forgot-password [33m404[0m 3.899 ms - 154[0m
[0mGET /forgot-password [33m404[0m 5.103 ms - 154[0m
[0mGET /forgot-password [33m404[0m 3.979 ms - 154[0m
[0mGET /forgot-password [33m404[0m 3.841 ms - 154[0m
[0mGET /forgot-password [33m404[0m 6.485 ms - 154[0m
[0mGET /forgot-password [33m404[0m 1.872 ms - 154[0m
[0mGET /forgot-password [33m404[0m 4.594 ms - 154[0m
[0mGET /forgot-password [33m404[0m 7.063 ms - 154[0m
[0mGET /forgot-password [33m404[0m 4.218 ms - 154[0m
[0mGET /forgot-password [33m404[0m 3.063 ms - 154[0m
[0mGET /forgot-password [33m404[0m 8.147 ms - 154[0m
[0mGET /forgot-password [33m404[0m 6.367 ms - 154[0m
[0mGET /forgot-password [33m404[0m 2.827 ms - 154[0m
[0mGET /forgot-password [33m404[0m 3.760 ms - 154[0m
[0mGET /forgot-password [33m404[0m 3.177 ms - 154[0m
[0mGET /forgot-password [33m404[0m 2.617 ms - 154[0m
[0mGET /users/sign-in [36m304[0m 8.141 ms - -[0m
[0mGET /users/forgot-password [33m404[0m 3.464 ms - 160[0m
[0mGET / [36m304[0m 343.396 ms - -[0m
[0mGET /users/sign-in [32m200[0m 10.444 ms - 2932[0m
[0mGET /forgot [33m404[0m 18.073 ms - 145[0m
[0mGET /forgot [33m404[0m 3.445 ms - 145[0m
[0mGET / [36m304[0m 221.153 ms - -[0m
[0mGET /users/sign-in [32m200[0m 16.777 ms - 2931[0m
[0mGET /reset [33m404[0m 4.598 ms - 144[0m
[0mGET /reset [33m404[0m 2.417 ms - 144[0m
[0mGET /reset [33m404[0m 8.679 ms - 144[0m
[0mGET / [36m304[0m 166.652 ms - -[0m
[0mGET /users/sign-in [36m304[0m 5.275 ms - -[0m
[0mGET /reset [33m404[0m 4.746 ms - 144[0m
[0mGET /reset [33m404[0m 18.713 ms - 144[0m
[0mGET /reset [33m404[0m 5.917 ms - 144[0m
[0mGET /forgot [33m404[0m 2.722 ms - 145[0m
[0mGET /comments/destroy/5ec0019fba19d74a54a5ad37 [36m302[0m 56.701 ms - 36[0m
[0mGET /users/sign-in [32m200[0m 10.482 ms - 2932[0m
[0mGET /comments/destroy/5ec0019fba19d74a54a5ad37 [36m302[0m 1.634 ms - 36[0m
[0mGET /users/sign-in [36m304[0m 4.744 ms - -[0m
[0mGET /comments/destroy/5ec0019fba19d74a54a5ad37 [36m302[0m 1.573 ms - 36[0m
[0mGET /users/sign-in [36m304[0m 3.375 ms - -[0m
[0mGET /comments/destroy/5ec0019fba19d74a54a5ad37 [36m302[0m 1.419 ms - 36[0m
[0mGET /users/sign-in [36m304[0m 4.197 ms - -[0m
[0mGET / [32m200[0m 794.936 ms - 40983[0m
