[0mGET / [32m200[0m 923.099 ms - 41886[0m
[0mGET / [32m200[0m 390.605 ms - 41886[0m
[0mGET /javascript/posts_comments.js [33m404[0m 8.806 ms - 167[0m
[0mGET /javascript/toggle-likes.js [33m404[0m 10.539 ms - 165[0m
[0mGET /javascript/home_posts.js [33m404[0m 13.496 ms - 163[0m
[0mGET /favicon.ico [33m404[0m 5.946 ms - 150[0m
[0mGET /javascript/home_posts.js [33m404[0m 3.270 ms - 163[0m
[0mGET /javascript/posts_comments.js [33m404[0m 3.600 ms - 167[0m
[0mGET /javascript/toggle-likes.js [33m404[0m 4.948 ms - 165[0m
[0mGET /users/sign-in [32m200[0m 12.034 ms - 3360[0m
[0mPOST /users/create-session [36m302[0m 62.763 ms - 46[0m
[0mGET / [32m200[0m 72.854 ms - 41886[0m
[0mGET /javascript/home_posts.js [33m404[0m 15.696 ms - 163[0m
[0mGET /javascript/posts_comments.js [33m404[0m 15.435 ms - 167[0m
[0mGET /javascript/toggle-likes.js [33m404[0m 16.497 ms - 165[0m
[0mGET /javascript/home_posts.js [33m404[0m 4.568 ms - 163[0m
[0mGET /javascript/posts_comments.js [33m404[0m 3.253 ms - 167[0m
[0mGET /javascript/toggle-likes.js [33m404[0m 4.452 ms - 165[0m
[0mGET /users/sign-in [36m302[0m 9.291 ms - 72[0m
[0mGET /users/profile [33m404[0m 5.921 ms - 152[0m
[0mGET /users/profile/5e75c8427c2244350c023db6 [32m200[0m 77.366 ms - 3362[0m
[0mGET /friends/add-friend/?id5e75c8427c2244350c023db6 [33m404[0m 5.963 ms - 158[0m
[0mGET /users/sign-in [36m302[0m 2.771 ms - 72[0m
[0mGET /users/profile [33m404[0m 3.064 ms - 152[0m
[0mGET /users/sign-up [36m302[0m 11.432 ms - 72[0m
[0mGET /users/profile [33m404[0m 4.402 ms - 152[0m
[0mPOST /users/create-session [36m302[0m 17.550 ms - 46[0m
[0mGET / [32m200[0m 89.194 ms - 70730[0m
[0mGET /javascript/home_posts.js [33m404[0m 7.649 ms - 163[0m
[0mGET /javascript/posts_comments.js [33m404[0m 6.314 ms - 167[0m
[0mGET /javascript/toggle-likes.js [33m404[0m 6.495 ms - 165[0m
[0mGET /javascript/home_posts.js [33m404[0m 2.748 ms - 163[0m
[0mGET /javascript/posts_comments.js [33m404[0m 22.697 ms - 167[0m
[0mGET /javascript/toggle-likes.js [33m404[0m 2.905 ms - 165[0m
[0mPOST /likes/toggle/?id=5ed273ad02f32d6218959885&type=Post [32m200[0m 236.355 ms - 58[0m
[0mPOST /likes/toggle/?id=5ed273ad02f32d6218959885&type=Post [32m200[0m 30.836 ms - 57[0m
[0mGET /posts/destroy/5ed273ad02f32d6218959885 [32m200[0m 11.372 ms - 73[0m
[0mGET /users/profile [33m404[0m 6.719 ms - 152[0m
[0mGET /javascript/home_posts.js [33m404[0m 10.421 ms - 163[0m
[0mGET /javascript/posts_comments.js [33m404[0m 10.310 ms - 167[0m
[0mGET /javascript/toggle-likes.js [33m404[0m 10.549 ms - 165[0m
[0mGET /javascript/home_posts.js [33m404[0m 4.209 ms - 163[0m
[0mGET /javascript/posts_comments.js [33m404[0m 3.753 ms - 167[0m
[0mGET /javascript/toggle-likes.js [33m404[0m 2.738 ms - 165[0m
[0mGET /users/profile/5e75c8427c2244350c023db6 [36m304[0m 24.497 ms - -[0m
[0mGET /friends/add-friend/?id5e75c8427c2244350c023db6 [33m404[0m 10.445 ms - 158[0m
[0mGET /javascript/home_posts.js [33m404[0m 12.068 ms - 163[0m
[0mGET /javascript/posts_comments.js [33m404[0m 10.772 ms - 167[0m
[0mGET /javascript/toggle-likes.js [33m404[0m 11.503 ms - 165[0m
[0mGET /javascript/home_posts.js [33m404[0m 3.735 ms - 163[0m
[0mGET /javascript/posts_comments.js [33m404[0m 2.716 ms - 167[0m
[0mGET /javascript/toggle-likes.js [33m404[0m 3.412 ms - 165[0m
[0mGET /users/profile [33m404[0m 8.477 ms - 152[0m
[0mGET /javascript/home_posts.js [33m404[0m 12.156 ms - 163[0m
[0mGET /javascript/posts_comments.js [33m404[0m 8.560 ms - 167[0m
[0mGET /javascript/toggle-likes.js [33m404[0m 9.017 ms - 165[0m
[0mGET /javascript/home_posts.js [33m404[0m 3.197 ms - 163[0m
[0mGET /javascript/posts_comments.js [33m404[0m 3.303 ms - 167[0m
[0mGET /javascript/toggle-likes.js [33m404[0m 7.658 ms - 165[0m
[0mGET /users/profile/5e7dbf9b741a8d31301cbb8d [32m200[0m 21.374 ms - 3613[0m
[0mGET /javascript/home_posts.js [33m404[0m 15.692 ms - 163[0m
[0mGET /javascript/posts_comments.js [33m404[0m 9.191 ms - 167[0m
[0mGET /javascript/toggle-likes.js [33m404[0m 10.337 ms - 165[0m
[0mGET /javascript/home_posts.js [33m404[0m 4.341 ms - 163[0m
[0mGET /javascript/posts_comments.js [33m404[0m 9.907 ms - 167[0m
[0mGET /javascript/toggle-likes.js [33m404[0m 4.172 ms - 165[0m
[0mGET /users/profile/5e78cd27acdca951e840e52b [32m200[0m 23.921 ms - 3369[0m
[0mGET /javascript/home_posts.js [33m404[0m 23.450 ms - 163[0m
[0mGET /javascript/posts_comments.js [33m404[0m 10.201 ms - 167[0m
[0mGET /javascript/toggle-likes.js [33m404[0m 10.381 ms - 165[0m
[0mGET /javascript/home_posts.js [33m404[0m 3.338 ms - 163[0m
[0mGET /javascript/posts_comments.js [33m404[0m 3.565 ms - 167[0m
[0mGET /javascript/toggle-likes.js [33m404[0m 4.535 ms - 165[0m
[0mGET /users/profile/5eb83a2d292a3c53380e524a [32m200[0m 21.701 ms - 3366[0m
[0mGET /javascript/home_posts.js [33m404[0m 9.175 ms - 163[0m
[0mGET /javascript/posts_comments.js [33m404[0m 9.332 ms - 167[0m
[0mGET /javascript/toggle-likes.js [33m404[0m 11.364 ms - 165[0m
[0mGET /javascript/home_posts.js [33m404[0m 3.596 ms - 163[0m
[0mGET /javascript/posts_comments.js [33m404[0m 4.213 ms - 167[0m
[0mGET /javascript/toggle-likes.js [33m404[0m 5.183 ms - 165[0m
[0mGET /users/profile/5e7dbf9b741a8d31301cbb8d [36m304[0m 19.954 ms - -[0m
[0mGET /javascript/home_posts.js [33m404[0m 10.304 ms - 163[0m
[0mGET /javascript/posts_comments.js [33m404[0m 10.513 ms - 167[0m
[0mGET /javascript/toggle-likes.js [33m404[0m 11.746 ms - 165[0m
[0mGET /javascript/home_posts.js [33m404[0m 5.199 ms - 163[0m
[0mGET /javascript/posts_comments.js [33m404[0m 5.941 ms - 167[0m
[0mGET /javascript/toggle-likes.js [33m404[0m 6.284 ms - 165[0m
[0mGET / [32m200[0m 84.130 ms - 68809[0m
[0mGET /javascript/home_posts.js [33m404[0m 7.132 ms - 163[0m
[0mGET /javascript/posts_comments.js [33m404[0m 8.655 ms - 167[0m
[0mGET /javascript/toggle-likes.js [33m404[0m 9.625 ms - 165[0m
[0mGET /javascript/home_posts.js [33m404[0m 4.505 ms - 163[0m
[0mGET /javascript/posts_comments.js [33m404[0m 6.112 ms - 167[0m
[0mGET /javascript/toggle-likes.js [33m404[0m 4.344 ms - 165[0m
[0mGET / [36m304[0m 85.104 ms - -[0m
[0mGET /javascript/home_posts.js [33m404[0m 32.042 ms - 163[0m
[0mGET /javascript/posts_comments.js [33m404[0m 20.224 ms - 167[0m
[0mGET /javascript/toggle-likes.js [33m404[0m 20.360 ms - 165[0m
[0mGET /javascript/home_posts.js [33m404[0m 4.080 ms - 163[0m
[0mGET /javascript/posts_comments.js [33m404[0m 4.412 ms - 167[0m
[0mGET /javascript/toggle-likes.js [33m404[0m 4.596 ms - 165[0m
[0mGET / [36m304[0m 72.600 ms - -[0m
[0mGET /javascript/home_posts.js [33m404[0m 7.539 ms - 163[0m
[0mGET /javascript/posts_comments.js [33m404[0m 8.336 ms - 167[0m
[0mGET /javascript/toggle-likes.js [33m404[0m 8.517 ms - 165[0m
[0mGET /javascript/home_posts.js [33m404[0m 5.212 ms - 163[0m
[0mGET /javascript/posts_comments.js [33m404[0m 11.080 ms - 167[0m
[0mGET /javascript/toggle-likes.js [33m404[0m 11.970 ms - 165[0m
[0mGET / [36m304[0m 102.730 ms - -[0m
[0mGET /javascript/home_posts.js [33m404[0m 17.473 ms - 163[0m
[0mGET /javascript/posts_comments.js [33m404[0m 8.236 ms - 167[0m
[0mGET /javascript/toggle-likes.js [33m404[0m 7.833 ms - 165[0m
[0mGET /javascript/home_posts.js [33m404[0m 5.267 ms - 163[0m
[0mGET /javascript/posts_comments.js [33m404[0m 4.387 ms - 167[0m
[0mGET /javascript/toggle-likes.js [33m404[0m 5.069 ms - 165[0m
[0mGET / [36m304[0m 78.417 ms - -[0m
[0mGET /javascript/home_posts.js [33m404[0m 22.065 ms - 163[0m
[0mGET /javascript/posts_comments.js [33m404[0m 22.405 ms - 167[0m
[0mGET /javascript/toggle-likes.js [33m404[0m 21.302 ms - 165[0m
[0mGET /javascript/home_posts.js [33m404[0m 3.972 ms - 163[0m
[0mGET /javascript/posts_comments.js [33m404[0m 2.986 ms - 167[0m
[0mGET /javascript/toggle-likes.js [33m404[0m 3.098 ms - 165[0m
[0mGET / [36m304[0m 74.017 ms - -[0m
[0mGET /javascript/home_posts.js [33m404[0m 7.504 ms - 163[0m
[0mGET /javascript/posts_comments.js [33m404[0m 8.399 ms - 167[0m
[0mGET /javascript/toggle-likes.js [33m404[0m 10.891 ms - 165[0m
[0mGET /javascript/home_posts.js [33m404[0m 6.810 ms - 163[0m
[0mGET /javascript/posts_comments.js [33m404[0m 3.704 ms - 167[0m
[0mGET /javascript/toggle-likes.js [33m404[0m 4.438 ms - 165[0m
[0mGET /favicon.ico [0m-[0m - ms - -[0m
[0mGET / [36m304[0m 78.477 ms - -[0m
[0mGET /javascript/home_posts.js [33m404[0m 7.857 ms - 163[0m
[0mGET /javascript/posts_comments.js [33m404[0m 7.995 ms - 167[0m
[0mGET /javascript/toggle-likes.js [33m404[0m 7.901 ms - 165[0m
[0mGET /javascript/home_posts.js [33m404[0m 3.969 ms - 163[0m
[0mGET /javascript/posts_comments.js [33m404[0m 3.298 ms - 167[0m
[0mGET /javascript/toggle-likes.js [33m404[0m 4.732 ms - 165[0m
[0mGET / [36m304[0m 76.661 ms - -[0m
[0mGET /javascript/home_posts.js [33m404[0m 25.747 ms - 163[0m
[0mGET /javascript/posts_comments.js [33m404[0m 11.481 ms - 167[0m
[0mGET /javascript/toggle-likes.js [33m404[0m 11.016 ms - 165[0m
[0mGET /javascript/home_posts.js [33m404[0m 3.112 ms - 163[0m
[0mGET /javascript/posts_comments.js [33m404[0m 5.177 ms - 167[0m
[0mGET /javascript/toggle-likes.js [33m404[0m 3.690 ms - 165[0m
[0mGET / [36m304[0m 72.697 ms - -[0m
[0mGET /javascript/home_posts.js [33m404[0m 21.188 ms - 163[0m
[0mGET /javascript/posts_comments.js [33m404[0m 8.972 ms - 167[0m
[0mGET /javascript/toggle-likes.js [33m404[0m 9.214 ms - 165[0m
[0mGET /javascript/home_posts.js [33m404[0m 4.341 ms - 163[0m
[0mGET /javascript/posts_comments.js [33m404[0m 6.987 ms - 167[0m
[0mGET /javascript/toggle-likes.js [33m404[0m 4.625 ms - 165[0m
[0mGET / [36m304[0m 80.455 ms - -[0m
[0mGET /javascript/home_posts.js [33m404[0m 8.660 ms - 163[0m
[0mGET /javascript/posts_comments.js [33m404[0m 8.631 ms - 167[0m
[0mGET /javascript/toggle-likes.js [33m404[0m 8.654 ms - 165[0m
[0mGET /javascript/home_posts.js [33m404[0m 4.267 ms - 163[0m
[0mGET /javascript/posts_comments.js [33m404[0m 5.870 ms - 167[0m
[0mGET /javascript/toggle-likes.js [33m404[0m 3.146 ms - 165[0m
[0mGET / [32m200[0m 82.496 ms - 68804[0m
[0mGET /javascript/home_posts.js [33m404[0m 5.850 ms - 163[0m
[0mGET /javascript/posts_comments.js [33m404[0m 6.075 ms - 167[0m
[0mGET /javascript/toggle-likes.js [33m404[0m 7.791 ms - 165[0m
[0mGET /javascript/home_posts.js [33m404[0m 5.004 ms - 163[0m
[0mGET /javascript/posts_comments.js [33m404[0m 5.667 ms - 167[0m
[0mGET /javascript/toggle-likes.js [33m404[0m 4.047 ms - 165[0m
[0mGET / [32m200[0m 70.304 ms - 68809[0m
[0mGET /javascript/home_posts.js [33m404[0m 8.628 ms - 163[0m
[0mGET /javascript/posts_comments.js [33m404[0m 10.459 ms - 167[0m
[0mGET /javascript/toggle-likes.js [33m404[0m 7.361 ms - 165[0m
[0mGET /javascript/home_posts.js [33m404[0m 4.250 ms - 163[0m
[0mGET /javascript/posts_comments.js [33m404[0m 4.691 ms - 167[0m
[0mGET /javascript/toggle-likes.js [33m404[0m 5.183 ms - 165[0m
[0mGET /posts/destroy/5eb809867ccf2904400c6e01 [32m200[0m 8.695 ms - 73[0m
[0mGET /posts/destroy/5eb9a24e2748a22fc035beef [32m200[0m 13.173 ms - 73[0m
[0mGET /users/profile/5e75c8427c2244350c023db6 [32m200[0m 20.479 ms - 3353[0m
[0mGET / [32m200[0m 64.655 ms - 61277[0m
[0mGET /javascript/home_posts.js [33m404[0m 7.581 ms - 163[0m
[0mGET /javascript/posts_comments.js [33m404[0m 6.776 ms - 167[0m
[0mGET /javascript/toggle-likes.js [33m404[0m 6.713 ms - 165[0m
[0mGET /javascript/home_posts.js [33m404[0m 2.758 ms - 163[0m
[0mGET /javascript/posts_comments.js [33m404[0m 2.359 ms - 167[0m
[0mGET /javascript/toggle-likes.js [33m404[0m 5.690 ms - 165[0m
[0mGET /users/profile [33m404[0m 5.229 ms - 152[0m
[0mGET /javascript/home_posts.js [33m404[0m 8.720 ms - 163[0m
[0mGET /javascript/posts_comments.js [33m404[0m 8.764 ms - 167[0m
[0mGET /javascript/toggle-likes.js [33m404[0m 8.887 ms - 165[0m
[0mGET /javascript/home_posts.js [33m404[0m 2.932 ms - 163[0m
[0mGET /javascript/posts_comments.js [33m404[0m 2.119 ms - 167[0m
[0mGET /javascript/toggle-likes.js [33m404[0m 7.311 ms - 165[0m
[0mGET /users/profile/5e7dbf9b741a8d31301cbb8d [36m304[0m 15.188 ms - -[0m
[0mGET / [36m304[0m 56.710 ms - -[0m
[0mGET /javascript/home_posts.js [33m404[0m 4.984 ms - 163[0m
[0mGET /javascript/posts_comments.js [33m404[0m 5.078 ms - 167[0m
[0mGET /javascript/toggle-likes.js [33m404[0m 6.130 ms - 165[0m
[0mGET /javascript/home_posts.js [33m404[0m 3.422 ms - 163[0m
[0mGET /javascript/posts_comments.js [33m404[0m 2.239 ms - 167[0m
[0mGET /javascript/toggle-likes.js [33m404[0m 8.466 ms - 165[0m
[0mGET /users/sign-out [36m302[0m 3.489 ms - 46[0m
[0mGET / [32m200[0m 45.723 ms - 36541[0m
[0mGET /javascript/home_posts.js [33m404[0m 7.907 ms - 163[0m
[0mGET /javascript/posts_comments.js [33m404[0m 3.474 ms - 167[0m
[0mGET /javascript/toggle-likes.js [33m404[0m 3.849 ms - 165[0m
[0mGET /javascript/home_posts.js [33m404[0m 1.537 ms - 163[0m
[0mGET /javascript/posts_comments.js [33m404[0m 1.422 ms - 167[0m
[0mGET /javascript/toggle-likes.js [33m404[0m 1.341 ms - 165[0m
