[0mPOST /post_id [33m404[0m 17.173 ms - 147[0m
[0mPOST /api/v1/post [33m404[0m 485.642 ms - 151[0m
[0mPOST /api/v1/posts [33m404[0m 190.317 ms - 152[0m
[0mPOST /api/v1/posts [33m404[0m 77.126 ms - 152[0m
[0mPOST / [33m404[0m 1.937 ms - 140[0m
[0mGET / [36m304[0m 163.903 ms - -[0m
[0mGET /users/sign-in [36m304[0m 20.013 ms - -[0m
[0mGET / [32m200[0m 28.370 ms - 6109[0m
[0mGET /api/v1/posts [32m200[0m 10.228 ms - 1140[0m
[0mDELETE /api/v1/posts/5e7dbfbd741a8d31301cbb8e [33m401[0m 3.310 ms - -[0m
[0mGET / [36m304[0m 597.790 ms - -[0m
[0mGET /users/sign-in [36m304[0m 87.620 ms - -[0m
[0mPOST /users/create-session [36m302[0m 589.594 ms - 46[0m
[0mGET / [32m200[0m 88.779 ms - 9702[0m
[0mGET /users/profile/5e7dbf9b741a8d31301cbb8d [32m200[0m 20.994 ms - 2773[0m
[0mPOST /users/update/5e7dbf9b741a8d31301cbb8d [36m302[0m 46.972 ms - 164[0m
[0mGET /users/profile/5e7dbf9b741a8d31301cbb8d [36m304[0m 9.350 ms - -[0m
[0mPOST /users/update/5e7dbf9b741a8d31301cbb8d [36m302[0m 10.746 ms - 164[0m
[0mGET /users/profile/5e7dbf9b741a8d31301cbb8d [32m200[0m 12.917 ms - 2775[0m
[0mGET / [32m200[0m 27.825 ms - 9407[0m
[0mPOST /api/v1/users/create-session?email=manavjain78310@gmail.com&password=a [31m500[0m 148.535 ms - 35[0m
[0mPOST /api/v1/users/create-session?email=manavjain78310@gmail.com&password=a [31m500[0m 24.587 ms - 35[0m
[0mPOST /api/v1/users/create-session?email=manavjain78310@gmail.com&password=a [31m500[0m 58.677 ms - 35[0m
[0mPOST /api/v1/users/create-session [32m200[0m 27.547 ms - 475[0m
[0mDELETE /api/v1/post-5eb0d6e458275b648cee4ce5 [33m404[0m 5.033 ms - 178[0m
[0mDELETE /api/v1/posts/5eb0d6e458275b648cee4ce5 [33m401[0m 4.529 ms - -[0m
[0mDELETE /api/v1/posts/5e7dbfbd741a8d31301cbb8e [33m401[0m 2.271 ms - -[0m
[0mDELETE /api/v1/posts/5e7dbfbd741a8d31301cbb8e [33m401[0m 2.028 ms - -[0m
[0mDELETE /api/v1/users/create-session [33m404[0m 2.896 ms - 169[0m
[0mGET /api/v1/users/create-session [33m404[0m 4.661 ms - 166[0m
[0mPOST /api/v1/users/create-session [33m422[0m 177.325 ms - 42[0m
[0mPOST /api/v1/users/create-session [33m422[0m 3.744 ms - 42[0m
[0mDELETE /api/v1/posts/5e7dbfbd741a8d31301cbb8e [33m401[0m 1.912 ms - -[0m
[0mDELETE /api/v1/posts/5e7dbfbd741a8d31301cbb8e [33m401[0m 2.465 ms - -[0m
[0mPOST /api/v1/users/create-session [33m422[0m 22.449 ms - 42[0m
[0mPOST /api/v1/users/create-session [33m422[0m 6.346 ms - 42[0m
[0mPOST /api/v1/users/create-session [33m422[0m 3.880 ms - 42[0m
[0mPOST /api/v1/users/create-session [33m422[0m 13.609 ms - 42[0m
[0mPOST /api/v1/users/create-session [33m422[0m 4.923 ms - 42[0m
[0mGET /users/sign-out [36m302[0m 29.627 ms - 46[0m
[0mGET / [32m200[0m 43.611 ms - 6411[0m
[0mGET /users/sign-in [36m304[0m 27.019 ms - -[0m
[0mPOST /users/create-session [36m302[0m 10.003 ms - 46[0m
[0mGET / [32m200[0m 33.749 ms - 9707[0m
[0mPOST /api/v1/users/create-session [33m422[0m 4.169 ms - 42[0m
[0mGET /api/v1/users/create-session [33m404[0m 3.312 ms - 166[0m
[0mPOST /api/v1/users/create-session [33m422[0m 4.653 ms - 42[0m
[0mGET / [32m200[0m 32.523 ms - 6113[0m
[0mPOST /api/v1/users/create-session [33m422[0m 4.511 ms - 42[0m
[0mPOST /api/v1/users/create-session [33m422[0m 4.057 ms - 42[0m
[0mPOST /api/v1/users/create-session [33m422[0m 4.093 ms - 42[0m
[0mPOST /api/v1/users/create-session [33m422[0m 3.222 ms - 42[0m
[0mPOST /api/v1/users/create-session [33m422[0m 3.547 ms - 42[0m
[0mGET /users [33m404[0m 3.368 ms - 144[0m
[0mGET /users/posts [33m404[0m 4.005 ms - 150[0m
[0mGET /api/v1/users/create-session [33m404[0m 2.147 ms - 166[0m
[0mGET /api/v1/users/create-session [33m404[0m 2.286 ms - 166[0m
[0mPOST /api/v1/users/create-session [33m422[0m 4.323 ms - 42[0m
[0mPOST /api/v1/posts [33m404[0m 3.414 ms - 152[0m
[0mGET /api/v1/posts [32m200[0m 10.175 ms - 1143[0m
[0mGET /api/v1/create-session [33m404[0m 1.956 ms - 160[0m
[0mPOST /api/v1/create-session [33m404[0m 1.857 ms - 161[0m
[0mPOST /api/v1/users/create-session [33m422[0m 6.982 ms - 42[0m
[0mPOST /api/v1/users/create-session [33m422[0m 3.434 ms - 42[0m
[0mPOST /api/v1/users/create-session [33m422[0m 2.725 ms - 42[0m
[0mGET /api/v1/users/posts [33m404[0m 3.017 ms - 157[0m
[0mGET /api/v1/posts [32m200[0m 8.267 ms - 1143[0m
[0mPOST /api/v1/users/create-session [33m422[0m 4.037 ms - 42[0m
[0mPOST /api/v1/users/create-session [33m422[0m 4.598 ms - 42[0m
[0mPOST /api/v1/users/create-session [33m422[0m 4.240 ms - 42[0m
[0mPOST /api/v1/users/create-session [33m422[0m 3.651 ms - 42[0m
[0mPOST /api/v1/users/create-session [31m500[0m 40.457 ms - 35[0m
[0mGET / [32m200[0m 68.998 ms - 9407[0m
[0mPOST /api/v1/users/create-session [31m500[0m 16.671 ms - 35[0m
[0mGET / [36m304[0m 59.785 ms - -[0m
[0mGET / [36m304[0m 29.653 ms - -[0m
[0mPOST /api/v1/users/create-session [32m200[0m 8.982 ms - 475[0m
[0mDELETE /api/v1/posts/5e7dbfbd741a8d31301cbb8e [33m401[0m 3.349 ms - -[0m
[0mPOST /api/v1/users/create-session [32m200[0m 5.901 ms - 475[0m
[0mDELETE /api/v1/posts/5e7dbf9b741a8d31301cbb8d [33m401[0m 2.856 ms - -[0m
[0mDELETE /api/v1/posts/5e7dbf9b741a8d31301cbb8d [33m401[0m 3.577 ms - -[0m
[0mDELETE /api/v1/posts/5e7dbf9b741a8d31301cbb8d [33m401[0m 2.922 ms - -[0m
[0mDELETE /api/v1/posts/5e7dbf9b741a8d31301cbb8d [33m401[0m 1.818 ms - -[0m
[0mDELETE /api/v1/posts/5e7dbf9b741a8d31301cbb8d [33m401[0m 2.757 ms - -[0m
[0mGET / [36m304[0m 33.015 ms - -[0m
[0mPOST /posts/create [32m200[0m 561.327 ms - 238[0m
[0mGET / [32m200[0m 28.736 ms - 11027[0m
[0mGET / [36m304[0m 90.920 ms - -[0m
[0mDELETE /api/v1/posts/5e7dbf9b741a8d31301cbb8d [33m401[0m 3.143 ms - -[0m
[0mDELETE /api/v1/posts/5e7dbf9b741a8d31301cbb8d [33m401[0m 2.352 ms - -[0m
[0mPOST /posts/create [32m200[0m 23.273 ms - 240[0m
[0mGET / [32m200[0m 92.301 ms - 12649[0m
[0mGET /api/v1/users/create-session [33m404[0m 4.054 ms - 166[0m
[0mGET /api/v1/users/create-session [33m404[0m 2.356 ms - 166[0m
[0mPOST /api/v1/users/create-session [32m200[0m 5.747 ms - 475[0m
[0mGET /api/v1/posts [32m200[0m 16.633 ms - 1865[0m
[0mDELETE /api/v1/posts/5e7dbf9b741a8d31301cbb8d [33m401[0m 1.937 ms - -[0m
[0mPOST /api/v1/posts [33m404[0m 2.080 ms - 152[0m
[0mPOST /api/v1/posts [33m404[0m 1.823 ms - 152[0m
[0mGET /api/v1/posts [32m200[0m 8.343 ms - 1865[0m
[0mGET /api/v1/posts/comments [33m404[0m 3.102 ms - 160[0m
[0mGET /api/v1/posts/ [32m200[0m 11.624 ms - 1865[0m
[0mGET / [36m304[0m 119.295 ms - -[0m
[0mGET / [36m304[0m 82.466 ms - -[0m
[0mPOST /api/v1/users/create-session [32m200[0m 14.747 ms - 475[0m
[0mGET /likes/toggle/?id=5eb0d6e458275b648cee4ce5&type=Post [33m404[0m 30.046 ms - 152[0m
[0mDELETE /api/v1/posts/5e7dbfbd741a8d31301cbb8e [32m200[0m 1862.273 ms - 63[0m
[0mPOST /posts/create [36m302[0m 452.578 ms - 36[0m
[0mGET /users/sign-in [36m304[0m 62.141 ms - -[0m
[0mPOST /posts/create [36m302[0m 2.665 ms - 36[0m
[0mGET /users/sign-in [36m304[0m 9.596 ms - -[0m
[0mPOST /posts/create [36m302[0m 3.862 ms - 36[0m
[0mGET /users/sign-in [36m304[0m 7.827 ms - -[0m
[0mGET / [32m200[0m 123.836 ms - 6892[0m
[0mGET /users/sign-in [36m304[0m 19.484 ms - -[0m
[0mPOST /users/create-session [36m302[0m 11.944 ms - 46[0m
[0mGET / [32m200[0m 21.628 ms - 11328[0m
[0mPOST /posts/create [32m200[0m 21.844 ms - 238[0m
[0mGET / [32m200[0m 30.133 ms - 12648[0m
[0mPOST /comments/create [32m200[0m 164.224 ms - 326[0m
[0mPOST /posts/create [32m200[0m 36.299 ms - 240[0m
[0mGET / [32m200[0m 274.456 ms - 14983[0m
