[0mGET /users/profile/5eb83a2d292a3c53380e524a [0m-[0m - ms - -[0m
[0mGET / [0m-[0m - ms - -[0m
[0mGET / [0m-[0m - ms - -[0m
[0mGET / [0m-[0m - ms - -[0m
[0mGET / [0m-[0m - ms - -[0m
[0mGET / [0m-[0m - ms - -[0m
[0mGET / [0m-[0m - ms - -[0m
[0mGET / [0m-[0m - ms - -[0m
[0mGET / [31m500[0m 130.149 ms - 2038[0m
[0mGET / [31m500[0m 72.163 ms - 2038[0m
[0mGET / [32m200[0m 90.152 ms - 40827[0m
[0mGET / [36m304[0m 65.772 ms - -[0m
[0mGET /users/sign-in [36m304[0m 15.295 ms - -[0m
[0mPOST /users/create-session [36m302[0m 9.107 ms - 46[0m
[0mGET / [0m-[0m - ms - -[0m
[0mGET / [0m-[0m - ms - -[0m
[0mGET / [0m-[0m - ms - -[0m
[0mGET / [0m-[0m - ms - -[0m
[0mGET / [31m500[0m 153.555 ms - 2322[0m
[0mGET / [31m500[0m 108.831 ms - 2322[0m
[0mGET / [31m500[0m 114.353 ms - 2318[0m
[0mGET / [31m500[0m 112.419 ms - 2322[0m
[0mGET / [31m500[0m 90.917 ms - 2322[0m
[0mGET / [31m500[0m 61.447 ms - 2322[0m
[0mGET / [31m500[0m 121.386 ms - 2325[0m
[0mGET / [31m500[0m 95.224 ms - 2325[0m
[0mGET / [31m500[0m 73.550 ms - 2325[0m
[0mGET / [31m500[0m 71.484 ms - 2325[0m
[0mGET / [31m500[0m 66.805 ms - 2325[0m
[0mGET / [31m500[0m 115.514 ms - 2322[0m
[0mGET / [31m500[0m 87.535 ms - 2322[0m
[0mGET / [31m500[0m 73.750 ms - 2322[0m
[0mGET / [31m500[0m 87.418 ms - 2322[0m
[0mGET / [31m500[0m 74.251 ms - 2322[0m
[0mGET / [31m500[0m 111.288 ms - 2340[0m
[0mGET / [31m500[0m 92.271 ms - 2340[0m
[0mGET / [31m500[0m 82.654 ms - 2340[0m
[0mGET / [31m500[0m 77.641 ms - 2340[0m
[0mGET / [31m500[0m 100.263 ms - 2344[0m
[0mGET / [31m500[0m 128.499 ms - 2344[0m
[0mGET / [31m500[0m 68.301 ms - 1899[0m
[0mGET / [31m500[0m 97.657 ms - 2351[0m
[0mGET / [31m500[0m 143.126 ms - 2390[0m
[0mGET / [31m500[0m 111.586 ms - 2351[0m
[0mGET / [31m500[0m 227.623 ms - 2351[0m
[0mGET / [31m500[0m 283.966 ms - 2341[0m
[0mGET / [31m500[0m 78.316 ms - 2341[0m
[0mGET / [31m500[0m 995.391 ms - 2395[0m
[0mGET / [31m500[0m 1049.229 ms - 2341[0m
[0mGET / [31m500[0m 152.962 ms - 2341[0m
[0mGET / [31m500[0m 126.154 ms - 2341[0m
[0mGET / [31m500[0m 99.253 ms - 2341[0m
[0mGET / [31m500[0m 83.664 ms - 2341[0m
[0mGET / [31m500[0m 67.492 ms - 2341[0m
[0mGET / [31m500[0m 63.406 ms - 2341[0m
[0mGET / [32m200[0m 672.354 ms - 41150[0m
[0mGET /javascript/home_posts.js [33m404[0m 19.361 ms - 163[0m
[0mGET /javascript/posts_comments.js [33m404[0m 17.162 ms - 167[0m
[0mGET /javascript/toggle-likes.js [33m404[0m 8.978 ms - 165[0m
[0mGET /javascript/home_posts.js [33m404[0m 2.652 ms - 163[0m
[0mGET /javascript/posts_comments.js [33m404[0m 2.818 ms - 167[0m
[0mGET /javascript/toggle-likes.js [33m404[0m 2.430 ms - 165[0m
[0mGET /users/sign-in [32m200[0m 22.287 ms - 3360[0m
[0mPOST /users/create-session [36m302[0m 85.292 ms - 72[0m
[0mGET /users/sign-in [32m200[0m 9.043 ms - 3661[0m
[0mGET /favicon.ico [33m404[0m 2.756 ms - 150[0m
[0mPOST /users/create-session [36m302[0m 7.914 ms - 46[0m
[0mGET / [32m200[0m 170.292 ms - 69338[0m
[0mGET /javascript/home_posts.js [33m404[0m 8.908 ms - 163[0m
[0mGET /javascript/posts_comments.js [33m404[0m 8.876 ms - 167[0m
[0mGET /javascript/toggle-likes.js [33m404[0m 10.836 ms - 165[0m
[0mGET / [32m200[0m 97.644 ms - 69029[0m
[0mGET /javascript/home_posts.js [33m404[0m 17.593 ms - 163[0m
[0mGET /javascript/posts_comments.js [33m404[0m 15.886 ms - 167[0m
[0mGET /javascript/toggle-likes.js [33m404[0m 18.144 ms - 165[0m
[0mGET /users/profile/5e75c8427c2244350c023db6 [0m-[0m - ms - -[0m
[0mGET / [36m304[0m 83.202 ms - -[0m
[0mGET /javascript/home_posts.js [33m404[0m 8.005 ms - 163[0m
[0mGET /javascript/posts_comments.js [33m404[0m 9.836 ms - 167[0m
[0mGET /javascript/toggle-likes.js [33m404[0m 7.126 ms - 165[0m
[0mGET /javascript/home_posts.js [33m404[0m 5.156 ms - 163[0m
[0mGET /javascript/posts_comments.js [33m404[0m 5.435 ms - 167[0m
[0mGET /javascript/toggle-likes.js [33m404[0m 4.779 ms - 165[0m
[0mGET /users/profile/5e7dbf9b741a8d31301cbb8d [0m-[0m - ms - -[0m
[0mGET /users/profile/5eb83a2d292a3c53380e524a [0m-[0m - ms - -[0m
[0mGET /users/profile/5eb83a2d292a3c53380e524a [0m-[0m - ms - -[0m
[0mPOST /posts/create [32m200[0m 196.440 ms - 303[0m
[0mGET /users/profile/5e78cd27acdca951e840e52b [0m-[0m - ms - -[0m
[0mGET /users/profile/5e78cd27acdca951e840e52b [0m-[0m - ms - -[0m
[0mGET /users/profile/5e78cd27acdca951e840e52b [0m-[0m - ms - -[0m
[0mGET /users/profile/5e78cd27acdca951e840e52b [0m-[0m - ms - -[0m
[0mGET /users/profile/5e78cd27acdca951e840e52b [0m-[0m - ms - -[0m
[0mGET /users/profile/5e78cd27acdca951e840e52b [0m-[0m - ms - -[0m
[0mGET /users/profile/5e78cd27acdca951e840e52b [0m-[0m - ms - -[0m
[0mGET /users/profile/5e78cd27acdca951e840e52b [0m-[0m - ms - -[0m
[0mGET /users/profile/5e78cd27acdca951e840e52b [0m-[0m - ms - -[0m
[0mGET /users/profile/5e78cd27acdca951e840e52b [0m-[0m - ms - -[0m
[0mGET /users/profile/5e78cd27acdca951e840e52b [0m-[0m - ms - -[0m
[0mGET /users/profile/5e78cd27acdca951e840e52b [0m-[0m - ms - -[0m
[0mGET /users/profile/5e78cd27acdca951e840e52b [31m500[0m 84.005 ms - 2088[0m
[0mGET /users/profile/5e78cd27acdca951e840e52b [31m500[0m 141.644 ms - 2016[0m
[0mGET /users/profile/5e78cd27acdca951e840e52b [32m200[0m 119.251 ms - 3378[0m
[0mGET /friends/add-friend/?id5e78cd27acdca951e840e52b [36m302[0m 773.314 ms - 164[0m
[0mGET /users/profile/5e78cd27acdca951e840e52b [36m304[0m 54.587 ms - -[0m
[0mGET /friends/add-friend/?id5e78cd27acdca951e840e52b [36m302[0m 63.158 ms - 164[0m
[0mGET /users/profile/5e78cd27acdca951e840e52b [36m304[0m 54.700 ms - -[0m
[0mGET /friends/add-friend/?id5e78cd27acdca951e840e52b [36m302[0m 31.861 ms - 164[0m
[0mGET /users/profile/5e78cd27acdca951e840e52b [36m304[0m 39.580 ms - -[0m
[0mGET /users/profile [33m404[0m 25.397 ms - 152[0m
[0mGET /users/profile/5e78cd27acdca951e840e52b [36m304[0m 27.819 ms - -[0m
[0mGET / [31m500[0m 192.192 ms - 2387[0m
[0mGET / [31m500[0m 256.274 ms - 2387[0m
[0mGET / [31m500[0m 219.647 ms - 2387[0m
[0mGET / [31m500[0m 276.305 ms - 2387[0m
