[0mGET / [32m200[0m 345.528 ms - 6109[0m
[0mGET /users/sign-in [32m200[0m 140.086 ms - 2528[0m
[0mGET /users/auth/google [36m302[0m 62.297 ms - 0[0m
[0mGET / [32m200[0m 67.444 ms - 6109[0m
[0mGET /favicon.ico [33m404[0m 5.107 ms - 150[0m
[0mGET /users/sign-in [32m200[0m 6.192 ms - 2528[0m
[0mGET /users/auth/google [36m302[0m 4.219 ms - 0[0m
[0mGET / [36m304[0m 170.219 ms - -[0m
[0mGET /users/sign-in [36m304[0m 9.547 ms - -[0m
[0mGET /users/auth/google [36m302[0m 6.044 ms - 0[0m
[0mGET / [36m304[0m 86.897 ms - -[0m
[0mGET /users/sign-in [36m304[0m 12.077 ms - -[0m
[0mGET /users/auth/google [36m302[0m 16.527 ms - 0[0m
[0mGET / [36m304[0m 69.537 ms - -[0m
[0mGET /users/sign-in [36m304[0m 12.757 ms - -[0m
[0mGET /users/auth/google [36m302[0m 8.215 ms - 0[0m
[0mGET / [36m304[0m 29.782 ms - -[0m
[0mGET /users/sign-in [36m304[0m 8.299 ms - -[0m
[0mGET /users/auth/google [36m302[0m 6.285 ms - 0[0m
[0mGET / [32m200[0m 29.159 ms - 6109[0m
