[0mGET / [32m200[0m 461.633 ms - 4298[0m
[0mGET /favicon.ico [33m404[0m 14.014 ms - 150[0m
[0mGET /users/profile/5e75c8427c2244350c023db6 [36m302[0m 63.882 ms - 72[0m
[0mGET /users/sign-in [32m200[0m 10.230 ms - 2269[0m
[0mPOST /users/create-session [36m302[0m 24.929 ms - 46[0m
[0mGET / [32m200[0m 84.602 ms - 6207[0m
[0mGET / [32m200[0m 25.518 ms - 5907[0m
[0mGET /users/sign-out [36m302[0m 12.023 ms - 46[0m
[0mGET / [32m200[0m 24.533 ms - 4596[0m
[0mGET /users/sign-in [36m304[0m 13.724 ms - -[0m
[0mPOST /users/create-session [36m302[0m 23.784 ms - 46[0m
[0mGET / [32m200[0m 59.678 ms - 6064[0m
[0mPOST /likes/toggle/?id=5e7dbfbd741a8d31301cbb8e&type=Post [31m500[0m 170.551 ms - 35[0m
[0mPOST /likes/toggle/?id=5e7dbfbd741a8d31301cbb8e&type=Post [31m500[0m 22.707 ms - 35[0m
[0mGET / [32m200[0m 40.165 ms - 4298[0m
[0mGET / [36m304[0m 25.643 ms - -[0m
[0mGET /users/sign-in [36m304[0m 8.318 ms - -[0m
[0mPOST /users/create-session [36m302[0m 8.106 ms - 46[0m
[0mGET / [32m200[0m 11.647 ms - 6207[0m
[0mPOST /likes/toggle/?id=5e7dbfbd741a8d31301cbb8e&type=Post [32m200[0m 496.814 ms - 58[0m
[0mGET / [32m200[0m 26.153 ms - 5979[0m
[0mGET / [36m304[0m 24.827 ms - -[0m
[0mGET / [32m200[0m 14.032 ms - 5987[0m
[0mGET / [36m304[0m 26.605 ms - -[0m
[0mGET / [32m200[0m 20.874 ms - 6119[0m
[0mGET / [36m304[0m 22.175 ms - -[0m
[0mGET / [36m304[0m 25.037 ms - -[0m
[0mGET / [36m304[0m 24.945 ms - -[0m
[0mGET / [32m200[0m 22.399 ms - 6082[0m
[0mGET / [36m304[0m 21.251 ms - -[0m
[0mGET / [36m304[0m 21.114 ms - -[0m
[0mGET / [36m304[0m 63.609 ms - -[0m
[0mGET / [36m304[0m 30.826 ms - -[0m
[0mGET / [32m200[0m 29.449 ms - 6087[0m
[0mGET / [32m200[0m 26.822 ms - 6107[0m
[0mGET / [36m304[0m 25.913 ms - -[0m
[0mGET / [36m304[0m 18.724 ms - -[0m
[0mGET / [36m304[0m 21.169 ms - -[0m
[0mGET / [36m304[0m 21.660 ms - -[0m
[0mGET / [36m304[0m 24.122 ms - -[0m
[0mGET / [36m304[0m 23.698 ms - -[0m
[0mGET / [36m304[0m 25.348 ms - -[0m
[0mGET / [36m304[0m 58.526 ms - -[0m
[0mGET / [36m304[0m 28.264 ms - -[0m
[0mGET / [36m304[0m 23.381 ms - -[0m
[0mGET / [36m304[0m 27.615 ms - -[0m
[0mGET / [36m304[0m 19.051 ms - -[0m
[0mGET / [36m304[0m 19.103 ms - -[0m
[0mGET / [36m304[0m 40.332 ms - -[0m
[0mGET / [36m304[0m 25.182 ms - -[0m
[0mGET / [36m304[0m 70.559 ms - -[0m
[0mGET / [32m200[0m 38.860 ms - 6123[0m
[0mGET / [32m200[0m 21.313 ms - 6124[0m
[0mGET / [32m200[0m 24.436 ms - 6154[0m
[0mGET / [36m304[0m 23.251 ms - -[0m
[0mGET / [32m200[0m 20.168 ms - 6166[0m
[0mGET / [36m304[0m 23.314 ms - -[0m
