[0mGET / [32m200[0m 1465.555 ms - 41920[0m
[0mGET /javascript/toggle-likes.js [33m404[0m 86.954 ms - 165[0m
[0mGET /javascript/posts_comments.js [33m404[0m 83.295 ms - 167[0m
[0mGET /javascript/home_posts.js [33m404[0m 123.231 ms - 163[0m
[0mGET /javascript/home_posts.js [33m404[0m 4.113 ms - 163[0m
[0mGET /javascript/posts_comments.js [33m404[0m 3.049 ms - 167[0m
[0mGET /javascript/toggle-likes.js [33m404[0m 3.408 ms - 165[0m
[0mGET /favicon.ico [33m404[0m 3.277 ms - 150[0m
[0mGET /users/sign-in [32m200[0m 7.254 ms - 3360[0m
[0mGET /users/sign-up [32m200[0m 8.237 ms - 3379[0m
[0mGET /users/sign-in [36m304[0m 9.064 ms - -[0m
[0mPOST /users/create-session [36m302[0m 39.273 ms - 46[0m
[0mGET / [31m500[0m 101.419 ms - 2387[0m
[0mGET / [31m500[0m 138.401 ms - 2333[0m
[0mGET / [31m500[0m 97.930 ms - 2333[0m
[0mGET / [31m500[0m 81.034 ms - 2333[0m
[0mGET / [31m500[0m 85.489 ms - 2333[0m
[0mGET / [31m500[0m 66.497 ms - 2333[0m
[0mGET / [31m500[0m 72.644 ms - 2333[0m
[0mGET / [31m500[0m 73.212 ms - 2333[0m
[0mGET / [31m500[0m 106.202 ms - 2333[0m
[0mPOST /users/create-session [36m302[0m 11.441 ms - 46[0m
[0mGET / [31m500[0m 64.582 ms - 2333[0m
[0mGET / [31m500[0m 117.033 ms - 2273[0m
[0mGET / [31m500[0m 85.403 ms - 2273[0m
[0mGET / [31m500[0m 84.961 ms - 2273[0m
[0mGET / [31m500[0m 112.821 ms - 2335[0m
[0mGET / [31m500[0m 106.633 ms - 2389[0m
[0mGET / [31m500[0m 104.349 ms - 2389[0m
[0mGET / [31m500[0m 80.033 ms - 2389[0m
[0mGET / [31m500[0m 77.589 ms - 2389[0m
[0mGET / [31m500[0m 72.270 ms - 2389[0m
[0mGET / [31m500[0m 99.099 ms - 2389[0m
[0mGET / [31m500[0m 122.323 ms - 2389[0m
[0mGET / [31m500[0m 61.432 ms - 2389[0m
[0mGET / [31m500[0m 72.803 ms - 2389[0m
[0mPOST /users/create-session [36m302[0m 28.712 ms - 72[0m
[0mGET /users/sign-in [36m302[0m 4.960 ms - 72[0m
[0mGET /users/profile [33m404[0m 7.416 ms - 152[0m
