[0mGET / [32m200[0m 1629.324 ms - 4557[0m
[0mGET /users/sign-in [32m200[0m 72.099 ms - 2528[0m
[0mPOST /users/create-session [36m302[0m 87.662 ms - 72[0m
[0mGET /users/sign-in [32m200[0m 10.662 ms - 2829[0m
[0mPOST /users/create-session [36m302[0m 4.364 ms - 46[0m
[0mGET / [32m200[0m 20.876 ms - 6466[0m
[0mPOST /posts/create [32m200[0m 63.110 ms - 239[0m
[0mPOST /posts/create [32m200[0m 18.917 ms - 237[0m
[0mGET / [32m200[0m 26.671 ms - 9404[0m
[0mGET / [36m304[0m 53.793 ms - -[0m
[0mGET / [32m200[0m 144.200 ms - 9404[0m
[0mPOST /posts/create [32m200[0m 16.248 ms - 237[0m
[0mPOST /posts/create [32m200[0m 15.624 ms - 237[0m
[0mPOST /posts/create [32m200[0m 6.373 ms - 237[0m
[0mGET / [32m200[0m 33.051 ms - 14258[0m
[0mPOST /posts/create [32m200[0m 7.098 ms - 237[0m
[0mPOST /posts/create [32m200[0m 9.516 ms - 237[0m
[0mPOST /likes/toggle/?id=5eb0d6bb58275b648cee4ce1&type=Post [32m200[0m 19.456 ms - 58[0m
[0mGET / [32m200[0m 209.774 ms - 17494[0m
[0mPOST /posts/create [32m200[0m 15.535 ms - 237[0m
[0mPOST /posts/create [32m200[0m 10.748 ms - 237[0m
[0mGET / [32m200[0m 33.674 ms - 20730[0m
[0mGET / [36m304[0m 43.142 ms - -[0m
[0mPOST /posts/create [32m200[0m 16.325 ms - 237[0m
[0mPOST /posts/create [32m200[0m 20.204 ms - 238[0m
[0mGET /posts/destroy/5eb0d71158275b648cee4ce8 [32m200[0m 206.594 ms - 73[0m
[0mGET /posts/destroy/5eb0d6ec58275b648cee4ce6 [32m200[0m 17.442 ms - 73[0m
[0mGET /posts/destroy/5eb0d6c358275b648cee4ce2 [32m200[0m 15.390 ms - 73[0m
[0mGET /posts/destroy/5eb0d69658275b648cee4ce0 [32m200[0m 15.911 ms - 73[0m
[0mGET /posts/destroy/5eb0d65958275b648cee4cdf [32m200[0m 28.579 ms - 73[0m
[0mGET /posts/destroy/5eb0d64f58275b648cee4cde [32m200[0m 15.190 ms - 73[0m
[0mGET /posts/destroy/5eb0d5db1683437640312a00 [32m200[0m 14.991 ms - 73[0m
[0mGET /posts/destroy/5eb0d5d416834376403129ff [32m200[0m 9.375 ms - 73[0m
[0mGET /posts/destroy/5eb0d6bb58275b648cee4ce1 [32m200[0m 15.569 ms - 73[0m
[0mGET / [32m200[0m 21.016 ms - 6109[0m
