[0mGET / [32m200[0m 38.587 ms - 5248[0m
[0mGET /users/sign-in [36m304[0m 12.602 ms - -[0m
[0mPOST /users/create-session [36m302[0m 4.914 ms - 46[0m
[0mGET / [32m200[0m 17.778 ms - 7322[0m
[0mPOST /posts/create [32m200[0m 196.449 ms - 270[0m
[0mPOST /comments/create [32m200[0m 1239.340 ms - 328[0m
[0mPOST /comments/create [32m200[0m 30.860 ms - 328[0m
[0mPOST /comments/create [32m200[0m 14.335 ms - 330[0m
[0mGET /users/sign-out [36m302[0m 6.927 ms - 46[0m
[0mGET / [32m200[0m 117.505 ms - 7982[0m
[0mGET /users/sign-in [36m304[0m 5.959 ms - -[0m
[0mPOST /users/create-session [36m302[0m 6.771 ms - 72[0m
[0mGET /users/sign-in [32m200[0m 6.060 ms - 2829[0m
[0mPOST /users/create-session [36m302[0m 4.832 ms - 72[0m
[0mGET /users/sign-in [36m304[0m 6.501 ms - -[0m
[0mPOST /users/create-session [36m302[0m 5.889 ms - 46[0m
[0mGET / [32m200[0m 26.641 ms - 10806[0m
[0mPOST /comments/create [32m200[0m 9.452 ms - 327[0m
[0mGET / [32m200[0m 75.326 ms - 11222[0m
[0mGET /likes/toggle/?id=5eb9a24e2748a22fc035beef&type=Post [33m404[0m 12.115 ms - 152[0m
[0mPOST /comments/create [32m200[0m 38.289 ms - 324[0m
[0mPOST /posts/create [32m200[0m 22.731 ms - 269[0m
[0mGET / [32m200[0m 169.999 ms - 9565[0m
[0mGET /users/sign-in [32m200[0m 20.924 ms - 2528[0m
[0mPOST /users/create-session [36m302[0m 414.830 ms - 72[0m
[0mGET /users/sign-in [32m200[0m 11.823 ms - 2829[0m
[0mPOST /users/create-session [36m302[0m 21.050 ms - 46[0m
[0mGET / [32m200[0m 84.362 ms - 14001[0m
[0mPOST /comments/create [32m200[0m 105.107 ms - 327[0m
[0mGET / [32m200[0m 123.494 ms - 14415[0m
[0mPOST /comments/create [32m200[0m 49.124 ms - 327[0m
[0mPOST /comments/create [32m200[0m 91.553 ms - 331[0m
[0mPOST /posts/create [32m200[0m 134.870 ms - 268[0m
[0mPOST /comments/create [32m200[0m 97.654 ms - 331[0m
[0mPOST /posts/create [32m200[0m 109.374 ms - 268[0m
[0mPOST /comments/create [32m200[0m 63.950 ms - 327[0m
[0mPOST /posts/create [32m200[0m 81.065 ms - 269[0m
[0mPOST /comments/create [32m200[0m 68.833 ms - 326[0m
[0mPOST /comments/create [32m200[0m 46.719 ms - 328[0m
[0mGET / [32m200[0m 130.034 ms - 26815[0m
[0mPOST /posts/create [0m-[0m - ms - -[0m
[0mPOST /posts/create [0m-[0m - ms - -[0m
[0mGET / [32m200[0m 108.725 ms - 17321[0m
[0mGET / [32m200[0m 76.929 ms - 17690[0m
[0mGET /favicon.ico [33m404[0m 71.464 ms - 150[0m
[0mGET / [36m304[0m 52.188 ms - -[0m
[0mGET / [36m304[0m 49.815 ms - -[0m
