[0mGET /likes/toggle/?id=5eb809867ccf2904400c6e01&type=Post [33m404[0m 31.661 ms - 152[0m
[0mGET / [32m200[0m 701.991 ms - 5248[0m
[0mGET /users/sign-in [36m304[0m 48.233 ms - -[0m
[0mGET / [36m304[0m 93.434 ms - -[0m
[0mGET /users/profile/5eb83a2d292a3c53380e524a [36m302[0m 70.330 ms - 72[0m
[0mGET /users/sign-in [36m304[0m 16.070 ms - -[0m
[0mPOST /users/create-session [36m302[0m 26.033 ms - 46[0m
[0mGET / [32m200[0m 92.667 ms - 7322[0m
[0mGET /users/profile/5eb83a2d292a3c53380e524a [32m200[0m 24.789 ms - 2472[0m
[0mGET /users/profile [33m404[0m 24.449 ms - 152[0m
[0mGET /users/profile/5e7dbf9b741a8d31301cbb8d [32m200[0m 28.683 ms - 2775[0m
[0mGET / [32m200[0m 87.774 ms - 7022[0m
[0mGET /users/profile/5e78cd27acdca951e840e52b [32m200[0m 38.873 ms - 2475[0m
[0mGET / [32m200[0m 186.814 ms - 5248[0m
[0mGET / [36m304[0m 12.898 ms - -[0m
[0mGET /users/profile/5e75c8427c2244350c023db6 [36m302[0m 2.148 ms - 72[0m
[0mGET /users/sign-in [36m304[0m 3.758 ms - -[0m
[0mGET /users/forgotpassword [32m200[0m 4.706 ms - 2373[0m
[0mPOST /forgot [33m404[0m 2.735 ms - 146[0m
[0mGET / [36m304[0m 9.750 ms - -[0m
[0mGET /users/profile/5e75c8427c2244350c023db6 [36m302[0m 98.172 ms - 72[0m
[0mGET /users/sign-in [36m304[0m 52.329 ms - -[0m
[0mPOST /users/create-session [36m302[0m 11.185 ms - 46[0m
[0mGET / [32m200[0m 207.876 ms - 7322[0m
[0mGET /users/profile/5e78cd27acdca951e840e52b [32m200[0m 25.114 ms - 2475[0m
[0mGET / [32m200[0m 63.366 ms - 5248[0m
