[0mGET / [36m304[0m 90.185 ms - -[0m
[0mGET /users/sign-in [36m304[0m 344.168 ms - -[0m
[0mGET /forgot [33m404[0m 2.617 ms - 145[0m
[0mGET /users/sign-in [32m200[0m 4.469 ms - 2923[0m
[0mGET /forgot [33m404[0m 106.298 ms - 145[0m
[0mGET /forgot [32m200[0m 54.769 ms - 4030[0m
[0mGET /forgot [32m200[0m 9.783 ms - 2762[0m
[0mGET /forgot [36m304[0m 4.127 ms - -[0m
[0mPOST /reset-password [33m404[0m 2.617 ms - 154[0m
[0mGET / [32m200[0m 975.904 ms - 40974[0m
[0mGET /users/sign-in [36m304[0m 196.990 ms - -[0m
[0mGET /forgot [32m200[0m 9.820 ms - 2768[0m
[0mPOST /reset-password [33m404[0m 17.342 ms - 154[0m
[0mPOST /reset-password [33m404[0m 2.021 ms - 154[0m
[0mPOST /reset-password [33m404[0m 27.877 ms - 154[0m
[0mGET /users/sign-in [36m304[0m 22.034 ms - -[0m
[0mGET /forgot [31m500[0m 8.730 ms - 2684[0m
[0mGET /forgot [31m500[0m 15.310 ms - 2684[0m
[0mGET /forgot [32m200[0m 27.872 ms - 2761[0m
[0mPOST /forgot%3E [33m404[0m 7.939 ms - 149[0m
[0mGET /forgot [32m200[0m 17.399 ms - 2760[0m
[0mPOST /forgot [31m500[0m 4.822 ms - 2123[0m
[0mGET / [36m304[0m 117.630 ms - -[0m
[0mGET /users/sign-in [36m304[0m 14.667 ms - -[0m
[0mGET /forgot [36m304[0m 15.689 ms - -[0m
[0mGET / [36m304[0m 320.792 ms - -[0m
[0mGET /users/sign-in [36m304[0m 75.194 ms - -[0m
[0mGET /forgot [36m304[0m 5.126 ms - -[0m
[0mGET / [36m304[0m 287.902 ms - -[0m
[0mGET /users/sign-in [36m304[0m 36.545 ms - -[0m
[0mGET /forgot [36m304[0m 12.832 ms - -[0m
[0mGET / [36m304[0m 227.479 ms - -[0m
[0mGET /users/sign-in [36m304[0m 14.631 ms - -[0m
[0mPOST /users/create-session [36m302[0m 126.952 ms - 46[0m
[0mGET / [32m200[0m 223.026 ms - 68396[0m
[0mPOST /comments/create [32m200[0m 87.359 ms - 324[0m
[0mGET / [32m200[0m 456.170 ms - 68809[0m
[0mGET / [36m304[0m 225.316 ms - -[0m
[0mGET /users/sign-out [36m302[0m 16.130 ms - 46[0m
[0mGET / [32m200[0m 205.376 ms - 41821[0m
[0mGET /users/sign-in [36m304[0m 11.767 ms - -[0m
[0mPOST /users/create-session [36m302[0m 16.628 ms - 72[0m
[0mGET /users/sign-in [32m200[0m 21.845 ms - 3224[0m
[0mPOST /users/create-session [36m302[0m 10.768 ms - 72[0m
[0mGET /users/sign-in [36m304[0m 9.422 ms - -[0m
[0mPOST /users/create-session [36m302[0m 8.252 ms - 72[0m
[0mGET /users/sign-in [36m304[0m 11.499 ms - -[0m
[0mPOST /users/create-session [36m302[0m 9.149 ms - 46[0m
[0mGET / [32m200[0m 223.759 ms - 70531[0m
[0mGET /users/sign-out [36m302[0m 7.521 ms - 46[0m
[0mGET / [32m200[0m 143.054 ms - 41821[0m
[0mGET /users/sign-in [32m200[0m 14.384 ms - 2923[0m
[0mGET /forgot [36m304[0m 10.435 ms - -[0m
[0mGET / [32m200[0m 165.657 ms - 41523[0m
[0mGET /users/sign-in [36m304[0m 10.278 ms - -[0m
[0mPOST /users/create-session [36m302[0m 7.273 ms - 72[0m
[0mGET /users/sign-in [32m200[0m 9.757 ms - 3224[0m
[0mPOST /users/create-session [36m302[0m 9.211 ms - 46[0m
[0mGET / [32m200[0m 184.910 ms - 67673[0m
[0mGET /users/sign-out [36m302[0m 61.846 ms - 46[0m
[0mGET / [32m200[0m 184.948 ms - 41821[0m
[0mGET /users/sign-in [32m200[0m 17.034 ms - 2923[0m
[0mGET /forgot [36m304[0m 21.410 ms - -[0m
[0mPOST /forgot [36m302[0m 3486.187 ms - 58[0m
[0mGET /forgot [32m200[0m 12.306 ms - 3114[0m
[0mGET /reset/ee8ef9341467aca7ad117195f9199121f9e08f7b [33m404[0m 8.730 ms - 185[0m
[0mGET /reset/ee8ef9341467aca7ad117195f9199121f9e08f7b [33m404[0m 5.787 ms - 185[0m
[0mGET /reset/ee8ef9341467aca7ad117195f9199121f9e08f7b [33m404[0m 4.961 ms - 185[0m
[0mGET /reset/ee8ef9341467aca7ad117195f9199121f9e08f7b [33m404[0m 5.023 ms - 185[0m
[0mGET /reset/ee8ef9341467aca7ad117195f9199121f9e08f7b [33m404[0m 3.957 ms - 185[0m
[0mGET /reset/ee8ef9341467aca7ad117195f9199121f9e08f7b [33m404[0m 3.834 ms - 185[0m
[0mGET / [32m200[0m 224.198 ms - 41523[0m
[0mGET /users/sign-in [36m304[0m 11.655 ms - -[0m
[0mGET /forgot [32m200[0m 10.510 ms - 2760[0m
[0mPOST /forgot [36m302[0m 3344.972 ms - 58[0m
[0mGET /forgot [32m200[0m 10.004 ms - 3114[0m
[0mGET /reset/209378653782b8c0668ea2cc010160b84c9e9505 [33m404[0m 5.053 ms - 185[0m
[0mGET /forgot [32m200[0m 35.730 ms - 2760[0m
[0mGET /reset/209378653782b8c0668ea2cc010160b84c9e9505 [33m404[0m 12.608 ms - 185[0m
[0mGET /reset/209378653782b8c0668ea2cc010160b84c9e9505 [33m404[0m 10.319 ms - 185[0m
[0mGET /reset/209378653782b8c0668ea2cc010160b84c9e9505 [33m404[0m 4.010 ms - 185[0m
[0mGET / [36m304[0m 183.913 ms - -[0m
[0mGET /users/sign-in [36m304[0m 21.389 ms - -[0m
[0mGET /forgot [36m304[0m 8.304 ms - -[0m
[0mPOST /forgot [36m302[0m 3835.025 ms - 58[0m
[0mGET /forgot [32m200[0m 8.827 ms - 3114[0m
[0mGET /reset/172e2dd6f827b55d69884b222d24c7e976a61405 [33m404[0m 4.918 ms - 185[0m
[0mGET /reset/172e2dd6f827b55d69884b222d24c7e976a61405 [33m404[0m 3.050 ms - 185[0m
[0mPOST /forgot [36m302[0m 3195.930 ms - 58[0m
[0mGET /forgot [32m200[0m 18.136 ms - 3114[0m
[0mGET /reset/dec49f9270cdfa9503a7e778f40b3679bf8941ab [33m404[0m 3.062 ms - 185[0m
[0mGET /reset/dec49f9270cdfa9503a7e778f40b3679bf8941ab [33m404[0m 3.306 ms - 185[0m
[0mGET /reset/dec49f9270cdfa9503a7e778f40b3679bf8941ab [33m404[0m 4.487 ms - 185[0m
[0mGET / [36m304[0m 125.461 ms - -[0m
[0mGET /users/sign-in [36m304[0m 14.468 ms - -[0m
[0mGET /forgot [32m200[0m 6.498 ms - 2760[0m
[0mPOST /forgot [36m302[0m 3153.972 ms - 58[0m
[0mGET /forgot [32m200[0m 11.902 ms - 3114[0m
[0mGET /reset/5485ead63c073d7b8b7867fc2d1051444e48929b [31m500[0m 25.683 ms - 2787[0m
[0mGET /reset/5485ead63c073d7b8b7867fc2d1051444e48929b [32m200[0m 32.223 ms - 3033[0m
[0mPOST /reset/5485ead63c073d7b8b7867fc2d1051444e48929b [32m200[0m 23.769 ms - 3033[0m
[0mGET / [36m304[0m 208.847 ms - -[0m
[0mGET /users/sign-in [36m304[0m 14.984 ms - -[0m
[0mPOST /users/create-session [36m302[0m 43.719 ms - 72[0m
[0mGET /users/sign-in [32m200[0m 20.436 ms - 3224[0m
[0mPOST /reset/5485ead63c073d7b8b7867fc2d1051444e48929b [32m200[0m 11.455 ms - 3033[0m
[0mPOST /reset/5485ead63c073d7b8b7867fc2d1051444e48929b [31m500[0m 19.116 ms - 2131[0m
[0mGET /reset/5485ead63c073d7b8b7867fc2d1051444e48929b [32m200[0m 37.252 ms - 3033[0m
[0mPOST /reset/5485ead63c073d7b8b7867fc2d1051444e48929b [31m500[0m 2.608 ms - 2131[0m
[0mPOST /reset/5485ead63c073d7b8b7867fc2d1051444e48929b [36m302[0m 55.636 ms - 180[0m
[0mGET /reset/5485ead63c073d7b8b7867fc2d1051444e48929b [32m200[0m 29.728 ms - 3332[0m
[0mPOST /reset/5485ead63c073d7b8b7867fc2d1051444e48929b [36m302[0m 17.728 ms - 180[0m
[0mGET /reset/5485ead63c073d7b8b7867fc2d1051444e48929b [32m200[0m 32.914 ms - 3332[0m
[0mGET /reset/5485ead63c073d7b8b7867fc2d1051444e48929b [32m200[0m 38.407 ms - 3033[0m
[0mGET /reset/5485ead63c073d7b8b7867fc2d1051444e48929b [36m304[0m 29.524 ms - -[0m
[0mPOST /reset/5485ead63c073d7b8b7867fc2d1051444e48929b [36m302[0m 55.045 ms - 180[0m
[0mGET /reset/5485ead63c073d7b8b7867fc2d1051444e48929b [36m302[0m 9.354 ms - 58[0m
[0mGET /forgot [32m200[0m 60.049 ms - 3083[0m
