[0mPOST /forgot [36m302[0m 3480.056 ms - 58[0m
[0mGET /forgot [32m200[0m 10.801 ms - 3114[0m
[0mGET /reset/b3fc4b8180b2a1ba1780bcc555a51ed51ade62de [32m200[0m 18.306 ms - 3033[0m
[0mPOST /reset/b3fc4b8180b2a1ba1780bcc555a51ed51ade62de [36m302[0m 8.827 ms - 46[0m
[0mGET / [32m200[0m 155.161 ms - 70231[0m
[0mGET /users/sign-out [36m302[0m 48.212 ms - 46[0m
[0mGET / [32m200[0m 203.082 ms - 41821[0m
[0mGET /users/sign-in [32m200[0m 10.159 ms - 2923[0m
[0mGET /forgot [32m200[0m 22.271 ms - 2760[0m
[0mPOST /forgot [36m302[0m 3077.272 ms - 58[0m
[0mGET /forgot [32m200[0m 11.693 ms - 3114[0m
[0mGET /reset/e1606b2a692e008e6763bc249c964b825b58c008 [32m200[0m 16.078 ms - 3033[0m
[0mPOST /reset/e1606b2a692e008e6763bc249c964b825b58c008 [36m302[0m 370.185 ms - 46[0m
[0mGET / [32m200[0m 239.023 ms - 70549[0m
[0mGET /users/sign-out [36m302[0m 11.436 ms - 46[0m
[0mGET / [32m200[0m 160.932 ms - 41821[0m
[0mGET /users/sign-in [36m304[0m 13.053 ms - -[0m
[0mPOST /users/create-session [36m302[0m 5.992 ms - 72[0m
[0mGET /users/sign-in [32m200[0m 6.043 ms - 3224[0m
[0mPOST /users/create-session [36m302[0m 14.333 ms - 72[0m
[0mGET /users/sign-in [36m304[0m 15.098 ms - -[0m
[0mPOST /users/create-session [36m302[0m 5.922 ms - 72[0m
[0mGET /users/sign-in [36m304[0m 4.890 ms - -[0m
[0mGET /forgot [32m200[0m 38.230 ms - 2760[0m
[0mPOST /forgot [36m302[0m 3024.330 ms - 58[0m
[0mGET /forgot [32m200[0m 14.107 ms - 3114[0m
[0mGET /reset/05c743382c9091b4aad10df4db80850b9aa0a2c1 [32m200[0m 22.006 ms - 3033[0m
[0mGET / [32m200[0m 233.528 ms - 41523[0m
[0mGET /users/sign-in [32m200[0m 52.625 ms - 2923[0m
[0mGET /forgot [32m200[0m 5.433 ms - 2760[0m
[0mPOST /forgot [36m302[0m 3262.021 ms - 58[0m
[0mGET /forgot [32m200[0m 5.494 ms - 3114[0m
[0mGET /reset/1145cb17cdd54c1e32426dec256c350ec911f855 [32m200[0m 16.555 ms - 3033[0m
[0mPOST /reset/1145cb17cdd54c1e32426dec256c350ec911f855 [36m302[0m 29.634 ms - 46[0m
[0mGET / [32m200[0m 1069.454 ms - 70231[0m
[0mGET /users/sign-out [36m302[0m 8.724 ms - 46[0m
[0mGET / [32m200[0m 117.635 ms - 41821[0m
[0mGET /users/sign-in [36m304[0m 6.864 ms - -[0m
[0mGET /forgot [32m200[0m 3.778 ms - 2760[0m
[0mPOST /forgot [36m302[0m 2981.256 ms - 58[0m
[0mGET /forgot [32m200[0m 5.199 ms - 3114[0m
[0mGET /reset/d661414c5a1ac4b75928e09970876c6cc8d40a13 [32m200[0m 15.024 ms - 3033[0m
[0mPOST /reset/d661414c5a1ac4b75928e09970876c6cc8d40a13 [36m302[0m 7.184 ms - 46[0m
[0mGET / [32m200[0m 87.543 ms - 70231[0m
[0mGET /users/sign-out [36m302[0m 5.337 ms - 46[0m
[0mGET / [32m200[0m 63.010 ms - 41821[0m
[0mGET /users/sign-in [36m304[0m 5.382 ms - -[0m
[0mPOST /users/create-session [36m302[0m 5.350 ms - 46[0m
[0mGET / [32m200[0m 62.708 ms - 70531[0m
[0mGET /users/profile [33m404[0m 5.412 ms - 152[0m
[0mGET / [32m200[0m 186.216 ms - 41523[0m
[0mGET / [36m304[0m 765.153 ms - -[0m
[0mGET / [32m200[0m 58.927 ms - 41835[0m
[0mGET / [32m200[0m 63.899 ms - 41885[0m
[0mGET / [32m200[0m 54.844 ms - 41818[0m
[0mGET / [36m304[0m 129.325 ms - -[0m
[0mGET / [36m304[0m 229.052 ms - -[0m
[0mGET / [36m304[0m 171.656 ms - -[0m
[0mGET / [36m304[0m 183.675 ms - -[0m
[0mGET /users/sign-in [32m200[0m 30.456 ms - 3218[0m
[0mPOST /users/create-session [36m302[0m 34.641 ms - 46[0m
[0mGET / [32m200[0m 202.664 ms - 70826[0m
[0mGET /users/profile [33m404[0m 4.081 ms - 152[0m
[0mGET /users/profile/5e7dbf9b741a8d31301cbb8d [32m200[0m 15.854 ms - 3466[0m
[0mGET /users/sign-out [36m302[0m 15.617 ms - 46[0m
[0mGET / [32m200[0m 210.577 ms - 42116[0m
[0mGET / [32m200[0m 224.153 ms - 41818[0m
[0mGET /users/sign-in [36m304[0m 17.018 ms - -[0m
[0mPOST /users/create-session [36m302[0m 44.965 ms - 46[0m
[0mGET / [32m200[0m 219.327 ms - 70826[0m
[0mGET /users/profile/5e7dbf9b741a8d31301cbb8d [32m200[0m 28.439 ms - 3466[0m
[0mGET /users/profile [33m404[0m 9.975 ms - 152[0m
[0mGET /users/profile/5eb83a2d292a3c53380e524a [31m500[0m 18.743 ms - 2161[0m
[0mGET / [32m200[0m 156.663 ms - 70526[0m
[0mGET / [36m304[0m 134.602 ms - -[0m
[0mGET / [36m304[0m 122.894 ms - -[0m
[0mGET / [32m200[0m 148.706 ms - 70891[0m
[0mGET /users/profile/5eb83a2d292a3c53380e524a [31m500[0m 12.465 ms - 2161[0m
[0mGET / [32m200[0m 82.427 ms - 42183[0m
