[0mGET / [32m200[0m 339.135 ms - 42184[0m
[0mGET /users/sign-in [36m304[0m 47.007 ms - -[0m
[0mPOST /users/create-session [36m302[0m 99.983 ms - 46[0m
[0mGET / [32m200[0m 246.624 ms - 71192[0m
[0mGET / [32m200[0m 151.329 ms - 70892[0m
[0mGET /users/sign-out [36m302[0m 15.440 ms - 46[0m
[0mGET / [32m200[0m 184.217 ms - 42482[0m
[0mGET /users/sign-in [32m200[0m 10.487 ms - 3280[0m
[0mGET /css/form.css [33m404[0m 8.163 ms - 151[0m
[0mGET /users/sign-up [32m200[0m 23.363 ms - 3379[0m
[0mGET /users/sign-in [36m304[0m 9.996 ms - -[0m
[0mGET /css/form.css [33m404[0m 4.384 ms - 151[0m
[0mGET /users/sign-up [36m304[0m 8.925 ms - -[0m
[0mGET /users/sign-up [36m304[0m 9.630 ms - -[0m
[0mGET /users/sign-up [36m304[0m 14.415 ms - -[0m
[0mGET /users/sign-in [36m304[0m 11.943 ms - -[0m
[0mGET /users/sign-in [32m200[0m 17.659 ms - 3325[0m
[0mGET /users/sign-in [36m304[0m 8.891 ms - -[0m
[0mGET /users/sign-in [36m304[0m 14.423 ms - -[0m
[0mGET /users/sign-in [36m304[0m 8.550 ms - -[0m
[0mGET /users/sign-in [36m304[0m 14.168 ms - -[0m
[0mGET / [32m200[0m 2339.587 ms - 42184[0m
[0mGET /favicon.ico [33m404[0m 92.454 ms - 150[0m
[0mGET /users/sign-in [36m304[0m 27.624 ms - -[0m
[0mGET /users/sign-up [32m200[0m 23.120 ms - 3379[0m
[0mGET /users/sign-in [36m304[0m 25.537 ms - -[0m
[0mGET /users/sign-in [32m200[0m 40.223 ms - 3360[0m
[0mGET /users/sign-in [36m304[0m 21.257 ms - -[0m
[0mGET /users/sign-up [36m304[0m 23.659 ms - -[0m
[0mGET /users/sign-in [36m304[0m 22.170 ms - -[0m
[0mGET /forgot [32m200[0m 21.165 ms - 3055[0m
[0mGET / [36m304[0m 368.636 ms - -[0m
[0mGET /users/sign-in [36m304[0m 54.345 ms - -[0m
[0mPOST /users/create-session [36m302[0m 55.670 ms - 46[0m
[0mGET / [32m200[0m 146.323 ms - 71192[0m
[0mGET /posts/destroy/5ec001dcba19d74a54a5ad38 [32m200[0m 107.021 ms - 73[0m
[0mPOST /likes/toggle/?id=5ebb01319086e552f4daf31f&type=Post [32m200[0m 188.047 ms - 58[0m
[0mPOST /likes/toggle/?id=5ebd997e90e6ab3434e46d76&type=Comment [32m200[0m 52.016 ms - 57[0m
[0mPOST /likes/toggle/?id=5ebd997e90e6ab3434e46d76&type=Comment [32m200[0m 57.699 ms - 58[0m
[0mGET /users/sign-up [36m302[0m 18.375 ms - 72[0m
[0mGET /users/profile [33m404[0m 12.639 ms - 152[0m
[0mGET / [32m200[0m 348.221 ms - 68556[0m
[0mGET / [32m200[0m 156.880 ms - 68556[0m
[0mGET / [36m304[0m 132.087 ms - -[0m
[0mGET / [32m200[0m 357.741 ms - 40854[0m
[0mGET /users/sign-in [36m304[0m 43.699 ms - -[0m
[0mPOST /users/create-session [36m302[0m 31.441 ms - 46[0m
[0mGET / [32m200[0m 72.191 ms - 68856[0m
[0mGET /users/profile/5eb83a2d292a3c53380e524a [31m500[0m 179.747 ms - 2161[0m
[0mGET / [31m500[0m 60.499 ms - 2092[0m
[0mPOST /likes/toggle/?id=5ebff086017c722aa818642b&type=Comment [32m200[0m 48.545 ms - 58[0m
[0mPOST /likes/toggle/?id=5ebff086017c722aa818642b&type=Comment [32m200[0m 16.113 ms - 57[0m
[0mPOST /likes/toggle/?id=5ebff086017c722aa818642b&type=Comment [32m200[0m 15.857 ms - 58[0m
[0mPOST /likes/toggle/?id=5ebff086017c722aa818642b&type=Comment [32m200[0m 31.161 ms - 57[0m
[0mPOST /likes/toggle/?id=5ebff086017c722aa818642b&type=Comment [32m200[0m 12.998 ms - 58[0m
[0mPOST /likes/toggle/?id=5ebff086017c722aa818642b&type=Comment [32m200[0m 11.893 ms - 57[0m
