[0mGET / [32m200[0m 75.625 ms - 17699[0m
[0mGET / [36m304[0m 91.105 ms - -[0m
[0mGET /users/sign-in [32m200[0m 23.834 ms - 2906[0m
[0mPOST /users/create-session [36m302[0m 69.575 ms - 46[0m
[0mGET / [32m200[0m 45.714 ms - 27493[0m
[0mGET /likes/toggle/?id=5eba2a5965d04e2b3400c64b&type=Post [33m404[0m 10.361 ms - 152[0m
[0mGET / [32m200[0m 151.135 ms - 36925[0m
[0mPOST /posts/create [32m200[0m 37.223 ms - 270[0m
[0mPOST /posts/create [32m200[0m 25.635 ms - 270[0m
[0mPOST /comments/create [32m200[0m 19.397 ms - 326[0m
[0mGET / [32m200[0m 350.416 ms - 40884[0m
[0mPOST /posts/create [32m200[0m 25.959 ms - 302[0m
[0mPOST /posts/create [32m200[0m 24.530 ms - 304[0m
[0mGET / [32m200[0m 88.504 ms - 44126[0m
[0mPOST /posts/create [32m200[0m 28.261 ms - 304[0m
[0mPOST /posts/create [32m200[0m 40.313 ms - 306[0m
[0mPOST /comments/create [32m200[0m 27.752 ms - 327[0m
[0mGET /users/sign-out [36m302[0m 15.410 ms - 46[0m
[0mGET / [32m200[0m 66.577 ms - 28458[0m
[0mGET /users/sign-in [36m304[0m 8.012 ms - -[0m
[0mGET /users/sign-up [32m200[0m 9.036 ms - 3067[0m
[0mGET /users/sign-up [36m304[0m 28.915 ms - -[0m
[0mGET /users/sign-up [36m304[0m 5.892 ms - -[0m
[0mGET /users/sign-up [36m304[0m 12.156 ms - -[0m
[0mGET /users/sign-in [32m200[0m 8.409 ms - 2933[0m
[0mGET /users/auth/google [36m302[0m 9.480 ms - 0[0m
[0mGET / [32m200[0m 1015.908 ms - 28160[0m
[0mGET / [36m304[0m 230.513 ms - -[0m
[0mGET / [36m304[0m 59.338 ms - -[0m
[0mGET / [36m304[0m 38.785 ms - -[0m
[0mGET / [36m304[0m 41.439 ms - -[0m
[0mGET / [36m304[0m 68.610 ms - -[0m
[0mGET / [32m200[0m 40.043 ms - 28169[0m
[0mGET / [36m304[0m 36.060 ms - -[0m
[0mGET / [36m304[0m 79.867 ms - -[0m
[0mGET / [36m304[0m 67.849 ms - -[0m
[0mGET / [36m304[0m 58.203 ms - -[0m
[0mGET / [36m304[0m 64.056 ms - -[0m
[0mGET / [36m304[0m 64.716 ms - -[0m
[0mGET / [32m200[0m 39.578 ms - 28169[0m
[0mGET / [36m304[0m 54.066 ms - -[0m
[0mGET / [36m304[0m 54.044 ms - -[0m
[0mGET / [36m304[0m 71.274 ms - -[0m
