[0mPOST /posts/create [32m200[0m 11.445 ms - 239[0m
[0mGET / [32m200[0m 39.003 ms - 16604[0m
[0mGET / [36m304[0m 85.972 ms - -[0m
[0mPOST /posts/create [32m200[0m 32.549 ms - 271[0m
[0mPOST /posts/create [32m200[0m 19.242 ms - 274[0m
[0mGET / [32m200[0m 55.315 ms - 19855[0m
[0mPOST /posts/create [32m200[0m 18.491 ms - 272[0m
[0mPOST /posts/create [32m200[0m 14.718 ms - 272[0m
[0mGET / [32m200[0m 42.980 ms - 23105[0m
[0mGET /favicon.ico [33m404[0m 464.308 ms - 150[0m
[0mPOST /api/v1/posts [33m404[0m 80.985 ms - 152[0m
[0mGET / [32m200[0m 64.363 ms - 12911[0m
[0mGET /users/sign-in [36m304[0m 157.121 ms - -[0m
[0mPOST /users/create-session [36m302[0m 80.343 ms - 46[0m
[0mGET / [32m200[0m 34.922 ms - 23405[0m
[0mGET /likes/toggle/?id=5eb0d6e458275b648cee4ce5&type=Post [33m404[0m 5.815 ms - 152[0m
[0mGET /likes/toggle/?id=5eb6f5875305fc28843777ac&type=Comment [33m404[0m 5.312 ms - 152[0m
[0mGET /likes/toggle/?id=5eb6e7157f2845106431b565&type=Post [33m404[0m 6.197 ms - 152[0m
[0mGET /posts/destroy/5eb0d6e458275b648cee4ce5 [32m200[0m 37.514 ms - 73[0m
[0mGET /likes/toggle/?id=5eb0d70d58275b648cee4ce7&type=Post [33m404[0m 6.566 ms - 152[0m
[0mGET / [32m200[0m 67.691 ms - 20773[0m
[0mGET /likes/toggle/?id=5eb0d70d58275b648cee4ce7&type=Post [32m200[0m 132.405 ms - 58[0m
[0mGET /likes/toggle/?id=5eb6e7157f2845106431b565&type=Post [32m200[0m 26.806 ms - 58[0m
[0mGET / [32m200[0m 474.569 ms - 20773[0m
[0mGET /likes/toggle/?id=5eb6e80f7f2845106431b566&type=Post [32m200[0m 16.920 ms - 58[0m
[0mGET / [32m200[0m 33.072 ms - 20773[0m
[0mGET /likes/toggle/?id=5eb6e7157f2845106431b565&type=Post [32m200[0m 17.535 ms - 57[0m
[0mGET / [32m200[0m 33.356 ms - 20773[0m
[0mGET /likes/toggle/?id=5eb6f71970ce6905a8f147bd&type=Post [32m200[0m 18.724 ms - 58[0m
[0mGET / [32m200[0m 492.170 ms - 11585[0m
[0mGET /users/sign-in [36m304[0m 414.105 ms - -[0m
[0mPOST /users/create-session [36m302[0m 25.415 ms - 46[0m
[0mGET / [32m200[0m 46.366 ms - 21073[0m
[0mGET /likes/toggle/?id=5eb6e7157f2845106431b565&type=Post [33m404[0m 10.576 ms - 152[0m
[0mGET / [32m200[0m 83.517 ms - 30511[0m
[0mGET / [32m200[0m 57.369 ms - 33751[0m
[0mPOST /posts/create [0m-[0m - ms - -[0m
[0mPOST /posts/create [0m-[0m - ms - -[0m
[0mGET / [36m304[0m 47.663 ms - -[0m
[0mGET / [32m200[0m 85.540 ms - 35370[0m
[0mPOST /posts/create [32m200[0m 19.494 ms - 237[0m
[0mGET / [32m200[0m 120.112 ms - 36989[0m
[0mPOST /posts/create [32m200[0m 19.888 ms - 266[0m
[0mGET /likes/toggle/?id=5eb6e80f7f2845106431b566&type=Post [33m404[0m 5.920 ms - 152[0m
[0mGET / [32m200[0m 61.343 ms - 38608[0m
[0mGET / [32m200[0m 98.632 ms - 20158[0m
[0mGET /users/sign-in [36m304[0m 13.262 ms - -[0m
[0mPOST /users/create-session [36m302[0m 10.583 ms - 46[0m
[0mGET / [32m200[0m 46.041 ms - 38908[0m
[0mPOST /comments/create [32m200[0m 59.904 ms - 326[0m
[0mGET /likes/toggle/?id=5eb809667ccf2904400c6dff&type=Comment [33m404[0m 12.511 ms - 152[0m
[0mGET /posts/destroy/5eb0d70d58275b648cee4ce7 [32m200[0m 124.348 ms - 73[0m
[0mGET /posts/destroy/5eb6e7157f2845106431b565 [32m200[0m 19.161 ms - 73[0m
[0mGET /posts/destroy/5eb6e80f7f2845106431b566 [32m200[0m 16.522 ms - 73[0m
[0mGET /posts/destroy/5eb6f41a5305fc28843777ab [32m200[0m 19.133 ms - 73[0m
[0mGET /posts/destroy/5eb6f69bc38cbb44dcad03e0 [32m200[0m 16.713 ms - 73[0m
[0mGET /posts/destroy/5eb6f6a8c38cbb44dcad03e1 [32m200[0m 14.388 ms - 73[0m
[0mGET /posts/destroy/5eb6f71970ce6905a8f147bd [32m200[0m 17.546 ms - 73[0m
[0mGET /posts/destroy/5eb6f71e70ce6905a8f147be [32m200[0m 14.394 ms - 73[0m
[0mGET /posts/destroy/5eb6f72770ce6905a8f147bf [32m200[0m 15.792 ms - 73[0m
[0mGET /posts/destroy/5eb6f85d70ce6905a8f147c0 [32m200[0m 19.711 ms - 73[0m
[0mGET /posts/destroy/5eb7f0f8bdb8f13e64ee18a3 [32m200[0m 15.608 ms - 73[0m
[0mGET /posts/destroy/5eb7f0fabdb8f13e64ee18a4 [32m200[0m 15.579 ms - 73[0m
[0mGET /posts/destroy/5eb7f0fbbdb8f13e64ee18a5 [32m200[0m 14.517 ms - 73[0m
[0mGET /posts/destroy/5eb7f0fbbdb8f13e64ee18a6 [32m200[0m 17.355 ms - 73[0m
[0mGET /posts/destroy/5eb7f0fcbdb8f13e64ee18a7 [32m200[0m 15.836 ms - 73[0m
[0mGET /posts/destroy/5eb7f100bdb8f13e64ee18a8 [32m200[0m 16.297 ms - 73[0m
[0mGET /posts/destroy/5eb7f135ffb5a960fc586a94 [32m200[0m 17.490 ms - 73[0m
[0mGET /posts/destroy/5eb7f136ffb5a960fc586a95 [32m200[0m 16.290 ms - 73[0m
[0mGET /posts/destroy/5eb7f14bffb5a960fc586a96 [32m200[0m 14.523 ms - 73[0m
[0mGET /posts/destroy/5eb7f1677ce89912c85f8166 [32m200[0m 19.325 ms - 73[0m
[0mGET /posts/destroy/5eb7f1828f4f5147587cdcda [32m200[0m 19.790 ms - 73[0m
[0mPOST /posts/create [32m200[0m 12.507 ms - 268[0m
[0mGET /likes/toggle/?id=5eb809867ccf2904400c6e01&type=Post [33m404[0m 4.894 ms - 152[0m
[0mGET / [32m200[0m 16.094 ms - 6169[0m
[0mGET / [36m304[0m 16.566 ms - -[0m
[0mPOST /comments/create [32m200[0m 11.617 ms - 325[0m
[0mGET /likes/toggle/?id=5eb809997ccf2904400c6e02&type=Comment [33m404[0m 7.326 ms - 152[0m
[0mGET /likes/toggle/?id=5eb809997ccf2904400c6e02&type=Comment [33m404[0m 3.466 ms - 152[0m
[0mGET /likes/toggle/?id=5eb809997ccf2904400c6e02&type=Comment [33m404[0m 4.619 ms - 152[0m
[0mGET /likes/toggle/?id=5eb809997ccf2904400c6e02&type=Comment [33m404[0m 4.533 ms - 152[0m
[0mGET / [32m200[0m 73.799 ms - 6881[0m
[0mGET / [36m304[0m 19.758 ms - -[0m
[0mGET /likes/toggle/?id=5eb809867ccf2904400c6e01&type=Post [33m404[0m 5.576 ms - 152[0m
[0mGET / [36m304[0m 23.438 ms - -[0m
[0mGET / [36m304[0m 17.583 ms - -[0m
[0mGET / [36m304[0m 23.898 ms - -[0m
[0mGET /likes/toggle/?id=5eb809997ccf2904400c6e02&type=Comment [33m404[0m 4.222 ms - 152[0m
[0mGET /likes/toggle/?id=5eb809997ccf2904400c6e02&type=Comment [33m404[0m 8.091 ms - 152[0m
[0mGET / [36m304[0m 26.848 ms - -[0m
[0mGET / [36m304[0m 24.352 ms - -[0m
[0mGET / [36m304[0m 27.153 ms - -[0m
[0mGET /users/profile/5e7dbf9b741a8d31301cbb8d [32m200[0m 21.071 ms - 2775[0m
[0mGET /users/profile/5e7dbf9b741a8d31301cbb8d [36m304[0m 7.872 ms - -[0m
[0mGET /users/profile/5e7dbf9b741a8d31301cbb8d [36m304[0m 11.193 ms - -[0m
[0mGET /users/profile/5e7dbf9b741a8d31301cbb8d [36m304[0m 10.226 ms - -[0m
[0mGET /users/profile [33m404[0m 6.855 ms - 152[0m
[0mGET / [36m304[0m 17.522 ms - -[0m
[0mGET / [36m304[0m 21.430 ms - -[0m
[0mGET / [36m304[0m 24.167 ms - -[0m
[0mGET / [36m304[0m 23.837 ms - -[0m
[0mGET / [36m304[0m 33.972 ms - -[0m
[0mGET /users/profile/5e75c8427c2244350c023db6 [32m200[0m 16.159 ms - 2398[0m
[0mGET / [36m304[0m 15.498 ms - -[0m
[0mGET /users/profile [33m404[0m 5.666 ms - 152[0m
[0mGET / [36m304[0m 15.571 ms - -[0m
[0mGET / [32m200[0m 45.241 ms - 5107[0m
[0mGET / [32m200[0m 66.958 ms - 5107[0m
[0mGET /users/sign-in [36m304[0m 17.720 ms - -[0m
[0mGET /users/sign-up [32m200[0m 12.862 ms - 2689[0m
[0mPOST /users/create [36m302[0m 38.633 ms - 72[0m
[0mGET /users/sign-in [36m304[0m 6.501 ms - -[0m
[0mPOST /users/create-session [36m302[0m 10.383 ms - 46[0m
[0mGET / [32m200[0m 39.385 ms - 7175[0m
[0mGET /likes/toggle/?id=5eb809867ccf2904400c6e01&type=Post [33m404[0m 11.350 ms - 152[0m
[0mGET / [32m200[0m 31.516 ms - 6875[0m
[0mGET / [36m304[0m 14.343 ms - -[0m
[0mGET / [36m304[0m 19.454 ms - -[0m
[0mGET / [36m304[0m 16.890 ms - -[0m
