[0mGET / [32m200[0m 55.129 ms - 44294[0m
[0mGET /javascript/home_posts.js [33m404[0m 4.999 ms - 163[0m
[0mGET /javascript/posts_comments.js [33m404[0m 5.060 ms - 167[0m
[0mGET /javascript/toggle-likes.js [33m404[0m 5.702 ms - 165[0m
[0mGET / [36m304[0m 51.050 ms - -[0m
[0mGET /javascript/home_posts.js [33m404[0m 5.398 ms - 163[0m
[0mGET /javascript/posts_comments.js [33m404[0m 5.425 ms - 167[0m
[0mGET /javascript/toggle-likes.js [33m404[0m 6.824 ms - 165[0m
[0mGET /javascript/home_posts.js [33m404[0m 3.431 ms - 163[0m
[0mGET /javascript/posts_comments.js [33m404[0m 3.281 ms - 167[0m
[0mGET /javascript/toggle-likes.js [33m404[0m 2.896 ms - 165[0m
[0mPOST /likes/toggle/?id=5ebaffe4ba1abf4a34c0a7c2&type=Post [32m200[0m 16.550 ms - 58[0m
[0mPOST /likes/toggle/?id=5ebaffe4ba1abf4a34c0a7c2&type=Post [32m200[0m 13.528 ms - 57[0m
[0mPOST /likes/toggle/?id=5ebaffe4ba1abf4a34c0a7c2&type=Post [32m200[0m 14.263 ms - 58[0m
[0mPOST /likes/toggle/?id=5ebb01319086e552f4daf31f&type=Post [32m200[0m 16.821 ms - 58[0m
[0mGET / [32m200[0m 41.025 ms - 44294[0m
[0mGET /javascript/home_posts.js [33m404[0m 7.363 ms - 163[0m
[0mGET /javascript/posts_comments.js [33m404[0m 5.686 ms - 167[0m
[0mGET /javascript/toggle-likes.js [33m404[0m 6.501 ms - 165[0m
[0mPOST /posts/create [32m200[0m 12.738 ms - 415[0m
[0mGET / [32m200[0m 51.642 ms - 46378[0m
[0mGET /javascript/home_posts.js [33m404[0m 7.750 ms - 163[0m
[0mGET /javascript/posts_comments.js [33m404[0m 7.236 ms - 167[0m
[0mGET /javascript/toggle-likes.js [33m404[0m 7.023 ms - 165[0m
[0mGET / [36m304[0m 52.568 ms - -[0m
[0mGET /javascript/home_posts.js [33m404[0m 5.915 ms - 163[0m
[0mGET /javascript/posts_comments.js [33m404[0m 5.907 ms - 167[0m
[0mGET /javascript/toggle-likes.js [33m404[0m 6.396 ms - 165[0m
[0mGET / [36m304[0m 48.061 ms - -[0m
[0mGET /javascript/home_posts.js [33m404[0m 7.949 ms - 163[0m
[0mGET /javascript/posts_comments.js [33m404[0m 10.445 ms - 167[0m
[0mGET /javascript/toggle-likes.js [33m404[0m 8.633 ms - 165[0m
[0mGET / [36m304[0m 49.669 ms - -[0m
[0mGET /javascript/home_posts.js [33m404[0m 5.497 ms - 163[0m
[0mGET /javascript/posts_comments.js [33m404[0m 4.534 ms - 167[0m
[0mGET /javascript/toggle-likes.js [33m404[0m 5.393 ms - 165[0m
[0mGET / [36m304[0m 50.722 ms - -[0m
[0mGET /javascript/home_posts.js [33m404[0m 12.733 ms - 163[0m
[0mGET /javascript/posts_comments.js [33m404[0m 12.781 ms - 167[0m
[0mGET /javascript/toggle-likes.js [33m404[0m 7.224 ms - 165[0m
[0mGET / [36m304[0m 43.669 ms - -[0m
[0mGET /javascript/home_posts.js [33m404[0m 10.738 ms - 163[0m
[0mGET /javascript/posts_comments.js [33m404[0m 10.713 ms - 167[0m
[0mGET /javascript/toggle-likes.js [33m404[0m 4.370 ms - 165[0m
[0mGET / [36m304[0m 40.808 ms - -[0m
[0mGET /javascript/home_posts.js [33m404[0m 7.596 ms - 163[0m
[0mGET /javascript/posts_comments.js [33m404[0m 7.424 ms - 167[0m
[0mGET /javascript/toggle-likes.js [33m404[0m 8.508 ms - 165[0m
[0mGET / [36m304[0m 41.227 ms - -[0m
[0mGET /javascript/home_posts.js [33m404[0m 12.000 ms - 163[0m
[0mGET /javascript/posts_comments.js [33m404[0m 12.450 ms - 167[0m
[0mGET /javascript/toggle-likes.js [33m404[0m 5.463 ms - 165[0m
[0mGET / [36m304[0m 56.695 ms - -[0m
[0mGET /javascript/home_posts.js [33m404[0m 16.969 ms - 163[0m
[0mGET /javascript/posts_comments.js [33m404[0m 18.557 ms - 167[0m
[0mGET /javascript/toggle-likes.js [33m404[0m 6.554 ms - 165[0m
[0mGET / [36m304[0m 59.420 ms - -[0m
[0mGET /javascript/home_posts.js [33m404[0m 6.709 ms - 163[0m
[0mGET /javascript/posts_comments.js [33m404[0m 6.581 ms - 167[0m
[0mGET /javascript/toggle-likes.js [33m404[0m 7.481 ms - 165[0m
[0mGET / [36m304[0m 51.747 ms - -[0m
[0mGET /javascript/home_posts.js [33m404[0m 12.037 ms - 163[0m
[0mGET /javascript/posts_comments.js [33m404[0m 11.437 ms - 167[0m
[0mGET /javascript/toggle-likes.js [33m404[0m 5.403 ms - 165[0m
[0mGET / [36m304[0m 55.123 ms - -[0m
[0mGET /javascript/home_posts.js [33m404[0m 8.875 ms - 163[0m
[0mGET /javascript/posts_comments.js [33m404[0m 8.554 ms - 167[0m
[0mGET /javascript/toggle-likes.js [33m404[0m 4.559 ms - 165[0m
[0mGET / [36m304[0m 58.755 ms - -[0m
[0mGET /javascript/home_posts.js [33m404[0m 16.570 ms - 163[0m
[0mGET /javascript/posts_comments.js [33m404[0m 16.653 ms - 167[0m
[0mGET /javascript/toggle-likes.js [33m404[0m 9.327 ms - 165[0m
[0mGET / [36m304[0m 61.499 ms - -[0m
[0mGET /javascript/home_posts.js [33m404[0m 10.857 ms - 163[0m
[0mGET /javascript/posts_comments.js [33m404[0m 10.423 ms - 167[0m
[0mGET /javascript/toggle-likes.js [33m404[0m 4.387 ms - 165[0m
[0mGET / [36m304[0m 66.704 ms - -[0m
[0mGET /javascript/home_posts.js [33m404[0m 4.975 ms - 163[0m
[0mGET /javascript/posts_comments.js [33m404[0m 4.957 ms - 167[0m
[0mGET /javascript/toggle-likes.js [33m404[0m 6.963 ms - 165[0m
[0mGET /javascript/home_posts.js [33m404[0m 4.660 ms - 163[0m
[0mGET /javascript/posts_comments.js [33m404[0m 3.695 ms - 167[0m
[0mGET /javascript/toggle-likes.js [33m404[0m 2.685 ms - 165[0m
[0mGET / [36m304[0m 44.596 ms - -[0m
[0mGET /javascript/home_posts.js [33m404[0m 7.905 ms - 163[0m
[0mGET /javascript/posts_comments.js [33m404[0m 7.830 ms - 167[0m
[0mGET /javascript/toggle-likes.js [33m404[0m 8.317 ms - 165[0m
[0mGET / [36m304[0m 34.919 ms - -[0m
[0mGET /javascript/home_posts.js [33m404[0m 9.296 ms - 163[0m
[0mGET /javascript/posts_comments.js [33m404[0m 10.323 ms - 167[0m
[0mGET /javascript/toggle-likes.js [33m404[0m 4.205 ms - 165[0m
[0mGET / [36m304[0m 48.811 ms - -[0m
[0mGET /javascript/home_posts.js [33m404[0m 7.016 ms - 163[0m
[0mGET /javascript/posts_comments.js [33m404[0m 7.280 ms - 167[0m
[0mGET /javascript/toggle-likes.js [33m404[0m 7.646 ms - 165[0m
[0mGET / [32m200[0m 48.906 ms - 29962[0m
[0mGET /javascript/home_posts.js [33m404[0m 2.839 ms - 163[0m
[0mGET /javascript/posts_comments.js [33m404[0m 2.860 ms - 167[0m
[0mGET /javascript/toggle-likes.js [33m404[0m 2.145 ms - 165[0m
[0mGET /favicon.ico [33m404[0m 1.889 ms - 150[0m
[0mGET /javascript/home_posts.js [33m404[0m 2.137 ms - 163[0m
[0mGET /javascript/posts_comments.js [33m404[0m 1.587 ms - 167[0m
[0mGET /javascript/toggle-likes.js [33m404[0m 2.050 ms - 165[0m
[0mGET / [0m-[0m - ms - -[0m
[0mPOST /comments/create [36m302[0m 17.149 ms - 46[0m
[0mGET / [32m200[0m 38.206 ms - 47389[0m
[0mGET /javascript/home_posts.js [33m404[0m 16.200 ms - 163[0m
[0mGET /javascript/posts_comments.js [33m404[0m 10.304 ms - 167[0m
[0mGET /javascript/toggle-likes.js [33m404[0m 10.591 ms - 165[0m
[0mGET / [32m200[0m 45.284 ms - 47975[0m
[0mGET /javascript/home_posts.js [33m404[0m 4.995 ms - 163[0m
[0mGET /javascript/posts_comments.js [33m404[0m 7.051 ms - 167[0m
[0mGET /javascript/toggle-likes.js [33m404[0m 6.631 ms - 165[0m
[0mGET /javascript/home_posts.js [33m404[0m 5.240 ms - 163[0m
[0mGET /javascript/posts_comments.js [33m404[0m 4.035 ms - 167[0m
[0mGET /javascript/toggle-likes.js [33m404[0m 3.640 ms - 165[0m
[0mGET / [36m304[0m 53.641 ms - -[0m
[0mGET /javascript/home_posts.js [33m404[0m 13.394 ms - 163[0m
[0mGET /javascript/posts_comments.js [33m404[0m 14.166 ms - 167[0m
[0mGET /javascript/toggle-likes.js [33m404[0m 3.933 ms - 165[0m
[0mGET / [36m304[0m 41.608 ms - -[0m
[0mGET /javascript/home_posts.js [33m404[0m 14.327 ms - 163[0m
[0mGET /javascript/posts_comments.js [33m404[0m 14.055 ms - 167[0m
[0mGET /javascript/toggle-likes.js [33m404[0m 14.643 ms - 165[0m
[0mGET / [36m304[0m 36.675 ms - -[0m
[0mGET /javascript/home_posts.js [33m404[0m 3.872 ms - 163[0m
[0mGET /javascript/posts_comments.js [33m404[0m 3.802 ms - 167[0m
[0mGET /javascript/toggle-likes.js [33m404[0m 4.194 ms - 165[0m
[0mGET /posts/destroy/5edd33c990537647c8ec5d4d [36m302[0m 12.106 ms - 88[0m
[0mGET / [32m200[0m 28.558 ms - 46205[0m
[0mGET /javascript/home_posts.js [33m404[0m 6.543 ms - 163[0m
[0mGET /javascript/posts_comments.js [33m404[0m 6.701 ms - 167[0m
[0mGET /javascript/toggle-likes.js [33m404[0m 7.865 ms - 165[0m
[0mGET / [32m200[0m 43.650 ms - 45919[0m
[0mGET /javascript/home_posts.js [33m404[0m 4.874 ms - 163[0m
[0mGET /javascript/posts_comments.js [33m404[0m 3.981 ms - 167[0m
[0mGET /javascript/toggle-likes.js [33m404[0m 4.444 ms - 165[0m
[0mGET /javascript/home_posts.js [33m404[0m 3.270 ms - 163[0m
[0mGET /javascript/posts_comments.js [33m404[0m 2.550 ms - 167[0m
[0mGET /javascript/toggle-likes.js [33m404[0m 3.574 ms - 165[0m
[0mGET / [36m304[0m 35.709 ms - -[0m
[0mGET /javascript/home_posts.js [33m404[0m 7.988 ms - 163[0m
[0mGET /javascript/posts_comments.js [33m404[0m 4.280 ms - 167[0m
[0mGET /javascript/toggle-likes.js [33m404[0m 4.054 ms - 165[0m
[0mGET / [32m200[0m 48.564 ms - 41169[0m
[0mGET /javascript/home_posts.js [33m404[0m 2.341 ms - 163[0m
[0mGET /javascript/posts_comments.js [33m404[0m 4.153 ms - 167[0m
[0mGET /javascript/toggle-likes.js [33m404[0m 3.434 ms - 165[0m
[0mGET /javascript/home_posts.js [33m404[0m 5.242 ms - 163[0m
[0mGET /javascript/posts_comments.js [33m404[0m 2.786 ms - 167[0m
[0mGET /javascript/toggle-likes.js [33m404[0m 2.327 ms - 165[0m
[0mPOST /likes/toggle/?id=5edd2bb390537647c8ec5d43&type=Post [32m200[0m 9.815 ms - 58[0m
[0mGET / [32m200[0m 34.659 ms - 41169[0m
[0mGET /javascript/home_posts.js [33m404[0m 7.579 ms - 163[0m
[0mGET /javascript/posts_comments.js [33m404[0m 7.288 ms - 167[0m
[0mGET /javascript/toggle-likes.js [33m404[0m 5.845 ms - 165[0m
[0mGET / [36m304[0m 33.273 ms - -[0m
[0mGET /javascript/home_posts.js [33m404[0m 8.771 ms - 163[0m
[0mGET /javascript/posts_comments.js [33m404[0m 5.186 ms - 167[0m
[0mGET /javascript/toggle-likes.js [33m404[0m 5.487 ms - 165[0m
[0mGET / [32m200[0m 47.730 ms - 25321[0m
[0mGET /javascript/toggle-likes.js [33m404[0m 6.441 ms - 165[0m
[0mGET /javascript/posts_comments.js [33m404[0m 6.606 ms - 167[0m
[0mGET /javascript/home_posts.js [33m404[0m 6.669 ms - 163[0m
[0mGET /javascript/home_posts.js [33m404[0m 1.319 ms - 163[0m
[0mGET /javascript/posts_comments.js [33m404[0m 1.126 ms - 167[0m
[0mGET /javascript/toggle-likes.js [33m404[0m 1.102 ms - 165[0m
[0mGET /favicon.ico [0m-[0m - ms - -[0m
[0mPOST /likes/toggle/?id=5edd2bb390537647c8ec5d43&type=Post [32m200[0m 5.348 ms - 57[0m
[0mPOST /likes/toggle/?id=5edd2bb390537647c8ec5d43&type=Post [32m200[0m 20.673 ms - 58[0m
[0mGET / [36m304[0m 51.043 ms - -[0m
[0mGET /javascript/home_posts.js [33m404[0m 5.248 ms - 163[0m
[0mGET /javascript/posts_comments.js [33m404[0m 5.135 ms - 167[0m
[0mGET /javascript/toggle-likes.js [33m404[0m 6.567 ms - 165[0m
[0mGET / [36m304[0m 29.945 ms - -[0m
[0mGET /javascript/home_posts.js [33m404[0m 4.127 ms - 163[0m
[0mGET /javascript/posts_comments.js [33m404[0m 4.487 ms - 167[0m
[0mGET /javascript/toggle-likes.js [33m404[0m 6.155 ms - 165[0m
[0mGET / [36m304[0m 34.237 ms - -[0m
[0mGET /javascript/home_posts.js [33m404[0m 8.134 ms - 163[0m
[0mGET /javascript/posts_comments.js [33m404[0m 8.116 ms - 167[0m
[0mGET /javascript/toggle-likes.js [33m404[0m 8.513 ms - 165[0m
[0mGET / [36m304[0m 31.997 ms - -[0m
[0mGET /javascript/home_posts.js [33m404[0m 4.069 ms - 163[0m
[0mGET /javascript/posts_comments.js [33m404[0m 3.766 ms - 167[0m
[0mGET /javascript/toggle-likes.js [33m404[0m 3.844 ms - 165[0m
[0mPOST /comments/create [36m302[0m 17.498 ms - 46[0m
[0mGET / [32m200[0m 41.704 ms - 42304[0m
[0mGET /javascript/home_posts.js [33m404[0m 7.431 ms - 163[0m
[0mGET /javascript/posts_comments.js [33m404[0m 7.230 ms - 167[0m
[0mGET /javascript/toggle-likes.js [33m404[0m 7.583 ms - 165[0m
[0mGET /javascript/home_posts.js [33m404[0m 3.285 ms - 163[0m
[0mGET /javascript/posts_comments.js [33m404[0m 2.827 ms - 167[0m
[0mGET /javascript/toggle-likes.js [33m404[0m 2.953 ms - 165[0m
[0mPOST /likes/toggle/?id=5edd354c90537647c8ec5d4e&type=Comment [32m200[0m 16.408 ms - 58[0m
[0mGET / [32m200[0m 49.809 ms - 40128[0m
[0mGET /javascript/home_posts.js [33m404[0m 10.142 ms - 163[0m
[0mGET /javascript/posts_comments.js [33m404[0m 4.243 ms - 167[0m
[0mGET /javascript/toggle-likes.js [33m404[0m 4.488 ms - 165[0m
[0mGET /javascript/home_posts.js [33m404[0m 4.971 ms - 163[0m
[0mGET /javascript/posts_comments.js [33m404[0m 4.631 ms - 167[0m
[0mGET /javascript/toggle-likes.js [33m404[0m 1.976 ms - 165[0m
[0mGET / [36m304[0m 29.822 ms - -[0m
[0mGET /javascript/home_posts.js [33m404[0m 7.828 ms - 163[0m
[0mGET /javascript/posts_comments.js [33m404[0m 8.106 ms - 167[0m
[0mGET /javascript/toggle-likes.js [33m404[0m 7.147 ms - 165[0m
[0mPOST /comments/create [36m302[0m 13.847 ms - 46[0m
[0mGET / [32m200[0m 31.104 ms - 41028[0m
[0mGET /javascript/home_posts.js [33m404[0m 10.196 ms - 163[0m
[0mGET /javascript/posts_comments.js [33m404[0m 3.826 ms - 167[0m
[0mGET /javascript/toggle-likes.js [33m404[0m 3.355 ms - 165[0m
[0mGET / [32m200[0m 45.943 ms - 40732[0m
[0mGET /javascript/home_posts.js [33m404[0m 3.208 ms - 163[0m
[0mGET /javascript/posts_comments.js [33m404[0m 2.254 ms - 167[0m
[0mGET /javascript/toggle-likes.js [33m404[0m 2.552 ms - 165[0m
[0mGET /javascript/home_posts.js [33m404[0m 2.957 ms - 163[0m
[0mGET /javascript/posts_comments.js [33m404[0m 2.181 ms - 167[0m
[0mGET /javascript/toggle-likes.js [33m404[0m 1.808 ms - 165[0m
[0mGET / [32m200[0m 57.145 ms - 42746[0m
[0mGET /javascript/home_posts.js [33m404[0m 6.565 ms - 163[0m
[0mGET /javascript/posts_comments.js [33m404[0m 6.479 ms - 167[0m
[0mGET /javascript/toggle-likes.js [33m404[0m 6.953 ms - 165[0m
[0mGET / [36m304[0m 50.939 ms - -[0m
[0mGET /javascript/home_posts.js [33m404[0m 5.679 ms - 163[0m
[0mGET /javascript/posts_comments.js [33m404[0m 7.008 ms - 167[0m
[0mGET /javascript/toggle-likes.js [33m404[0m 8.230 ms - 165[0m
[0mGET / [36m304[0m 51.611 ms - -[0m
[0mGET /javascript/home_posts.js [33m404[0m 8.759 ms - 163[0m
[0mGET /javascript/posts_comments.js [33m404[0m 8.583 ms - 167[0m
[0mGET /javascript/toggle-likes.js [33m404[0m 8.869 ms - 165[0m
[0mGET / [36m304[0m 48.812 ms - -[0m
[0mGET /javascript/home_posts.js [33m404[0m 7.486 ms - 163[0m
[0mGET /javascript/posts_comments.js [33m404[0m 7.406 ms - 167[0m
[0mGET /javascript/toggle-likes.js [33m404[0m 8.013 ms - 165[0m
[0mGET / [36m304[0m 43.477 ms - -[0m
[0mGET /javascript/home_posts.js [33m404[0m 7.328 ms - 163[0m
[0mGET /javascript/posts_comments.js [33m404[0m 6.804 ms - 167[0m
[0mGET /javascript/toggle-likes.js [33m404[0m 7.885 ms - 165[0m
[0mGET /javascript/home_posts.js [33m404[0m 2.895 ms - 163[0m
[0mGET /javascript/posts_comments.js [33m404[0m 4.218 ms - 167[0m
[0mGET /javascript/toggle-likes.js [33m404[0m 3.049 ms - 165[0m
[0mGET / [36m304[0m 53.720 ms - -[0m
[0mGET /javascript/home_posts.js [33m404[0m 7.407 ms - 163[0m
[0mGET /javascript/posts_comments.js [33m404[0m 6.715 ms - 167[0m
[0mGET /javascript/toggle-likes.js [33m404[0m 6.901 ms - 165[0m
[0mGET /javascript/home_posts.js [33m404[0m 3.747 ms - 163[0m
[0mGET /javascript/posts_comments.js [33m404[0m 3.200 ms - 167[0m
[0mGET /javascript/toggle-likes.js [33m404[0m 2.526 ms - 165[0m
[0mGET / [36m304[0m 49.906 ms - -[0m
[0mGET /javascript/home_posts.js [33m404[0m 12.224 ms - 163[0m
[0mGET /javascript/posts_comments.js [33m404[0m 2.687 ms - 167[0m
[0mGET /javascript/toggle-likes.js [33m404[0m 2.944 ms - 165[0m
[0mGET /javascript/home_posts.js [33m404[0m 3.424 ms - 163[0m
[0mGET /javascript/posts_comments.js [33m404[0m 3.586 ms - 167[0m
[0mGET /javascript/toggle-likes.js [33m404[0m 2.500 ms - 165[0m
[0mGET / [36m304[0m 49.771 ms - -[0m
[0mGET /javascript/home_posts.js [33m404[0m 7.571 ms - 163[0m
[0mGET /javascript/posts_comments.js [33m404[0m 7.716 ms - 167[0m
[0mGET /javascript/toggle-likes.js [33m404[0m 8.706 ms - 165[0m
[0mGET / [36m304[0m 41.832 ms - -[0m
[0mGET /javascript/home_posts.js [33m404[0m 8.224 ms - 163[0m
[0mGET /javascript/posts_comments.js [33m404[0m 10.144 ms - 167[0m
[0mGET /javascript/toggle-likes.js [33m404[0m 9.446 ms - 165[0m
[0mGET / [36m304[0m 43.880 ms - -[0m
[0mGET /javascript/home_posts.js [33m404[0m 5.615 ms - 163[0m
[0mGET /javascript/posts_comments.js [33m404[0m 5.717 ms - 167[0m
[0mGET /javascript/toggle-likes.js [33m404[0m 6.069 ms - 165[0m
[0mGET /javascript/home_posts.js [33m404[0m 3.792 ms - 163[0m
[0mGET /javascript/posts_comments.js [33m404[0m 4.550 ms - 167[0m
[0mGET /javascript/toggle-likes.js [33m404[0m 2.860 ms - 165[0m
[0mGET / [36m304[0m 44.254 ms - -[0m
[0mGET /javascript/home_posts.js [33m404[0m 12.588 ms - 163[0m
[0mGET /javascript/posts_comments.js [33m404[0m 4.927 ms - 167[0m
[0mGET /javascript/toggle-likes.js [33m404[0m 4.928 ms - 165[0m
[0mGET / [36m304[0m 51.643 ms - -[0m
[0mGET /javascript/home_posts.js [33m404[0m 8.424 ms - 163[0m
[0mGET /javascript/posts_comments.js [33m404[0m 7.875 ms - 167[0m
[0mGET /javascript/toggle-likes.js [33m404[0m 6.681 ms - 165[0m
[0mGET / [36m304[0m 49.976 ms - -[0m
[0mGET /javascript/home_posts.js [33m404[0m 6.074 ms - 163[0m
[0mGET /javascript/posts_comments.js [33m404[0m 6.139 ms - 167[0m
[0mGET /javascript/toggle-likes.js [33m404[0m 7.212 ms - 165[0m
[0mGET / [36m304[0m 48.947 ms - -[0m
[0mGET /javascript/home_posts.js [33m404[0m 5.738 ms - 163[0m
[0mGET /javascript/posts_comments.js [33m404[0m 6.675 ms - 167[0m
[0mGET /javascript/toggle-likes.js [33m404[0m 8.223 ms - 165[0m
[0mGET / [36m304[0m 44.898 ms - -[0m
[0mGET /javascript/home_posts.js [33m404[0m 14.058 ms - 163[0m
[0mGET /javascript/posts_comments.js [33m404[0m 14.180 ms - 167[0m
[0mGET /javascript/toggle-likes.js [33m404[0m 7.131 ms - 165[0m
[0mGET / [32m200[0m 42.817 ms - 25719[0m
[0mGET /javascript/home_posts.js [33m404[0m 13.612 ms - 163[0m
[0mGET /javascript/posts_comments.js [33m404[0m 4.322 ms - 167[0m
[0mGET /javascript/toggle-likes.js [33m404[0m 4.589 ms - 165[0m
[0mGET /javascript/home_posts.js [33m404[0m 1.425 ms - 163[0m
[0mGET /javascript/posts_comments.js [33m404[0m 1.561 ms - 167[0m
[0mGET /javascript/toggle-likes.js [33m404[0m 1.256 ms - 165[0m
[0mGET /users/sign-up [32m200[0m 6.301 ms - 3420[0m
[0mGET /users/auth/google [36m302[0m 160.023 ms - 0[0m
[0mGET /users/sign-in [32m200[0m 8.237 ms - 3401[0m
[0mPOST /users/create-session [36m302[0m 7.964 ms - 46[0m
[0mGET / [32m200[0m 51.242 ms - 46153[0m
[0mGET /javascript/home_posts.js [33m404[0m 30.446 ms - 163[0m
[0mGET /javascript/posts_comments.js [33m404[0m 20.142 ms - 167[0m
[0mGET /javascript/toggle-likes.js [33m404[0m 20.942 ms - 165[0m
[0mGET /javascript/home_posts.js [33m404[0m 2.996 ms - 163[0m
[0mGET /javascript/posts_comments.js [33m404[0m 4.685 ms - 167[0m
[0mGET /javascript/toggle-likes.js [33m404[0m 2.939 ms - 165[0m
[0mGET / [36m304[0m 51.072 ms - -[0m
[0mGET /javascript/home_posts.js [33m404[0m 3.902 ms - 163[0m
[0mGET /javascript/posts_comments.js [33m404[0m 4.136 ms - 167[0m
[0mGET /javascript/toggle-likes.js [33m404[0m 4.616 ms - 165[0m
[0mGET /javascript/home_posts.js [33m404[0m 4.758 ms - 163[0m
[0mGET /javascript/posts_comments.js [33m404[0m 3.370 ms - 167[0m
[0mGET /javascript/toggle-likes.js [33m404[0m 2.885 ms - 165[0m
[0mGET / [36m304[0m 46.806 ms - -[0m
[0mGET /javascript/home_posts.js [33m404[0m 9.519 ms - 163[0m
[0mGET /javascript/posts_comments.js [33m404[0m 8.600 ms - 167[0m
[0mGET /javascript/toggle-likes.js [33m404[0m 6.675 ms - 165[0m
[0mGET /javascript/home_posts.js [33m404[0m 4.106 ms - 163[0m
[0mGET /javascript/posts_comments.js [33m404[0m 3.788 ms - 167[0m
[0mGET /javascript/toggle-likes.js [33m404[0m 4.044 ms - 165[0m
[0mGET / [36m304[0m 54.291 ms - -[0m
[0mGET /javascript/home_posts.js [33m404[0m 16.434 ms - 163[0m
[0mGET /javascript/posts_comments.js [33m404[0m 9.304 ms - 167[0m
[0mGET /javascript/toggle-likes.js [33m404[0m 9.277 ms - 165[0m
[0mGET / [36m304[0m 58.183 ms - -[0m
[0mGET /javascript/home_posts.js [33m404[0m 11.463 ms - 163[0m
[0mGET /javascript/posts_comments.js [33m404[0m 5.562 ms - 167[0m
